#
# There is insufficient memory for the Java Runtime Environment to continue.
# Native memory allocation (mmap) failed to map 314572800 bytes for committing reserved memory.
# Possible reasons:
#   The system is out of physical RAM or swap space
#   The process is running with CompressedOops enabled, and the Java Heap may be blocking the growth of the native heap
# Possible solutions:
#   Reduce memory load on the system
#   Increase physical memory or swap space
#   Check if swap backing store is full
#   Decrease Java heap size (-Xmx/-Xms)
#   Decrease number of Java threads
#   Decrease Java thread stack sizes (-Xss)
#   Set larger code cache with -XX:ReservedCodeCacheSize=
#   JVM is running with Unscaled Compressed Oops mode in which the Java heap is
#     placed in the first 4GB address space. The Java Heap base address is the
#     maximum limit for the native heap growth. Please use -XX:HeapBaseMinAddress
#     to set the Java Heap base and to place the Java Heap above 4GB virtual address.
# This output file may be truncated or incomplete.
#
#  Out of Memory Error (os_linux.cpp:2706), pid=6197, tid=6210
#
# JRE version: OpenJDK Runtime Environment (10.0.2+13) (build 10.0.2+13-Ubuntu-1ubuntu0.18.04.4)
# Java VM: OpenJDK 64-Bit Server VM (10.0.2+13-Ubuntu-1ubuntu0.18.04.4, mixed mode, tiered, compressed oops, g1 gc, linux-amd64)
# Core dump will be written. Default location: Core dumps may be processed with "/usr/share/apport/apport %p %s %c %d %P" (or dumping to /home/lukasz/Pulpit/Projekty/java-koans/koans/core.6197)
#

---------------  S U M M A R Y ------------

Command Line: -Dapplication.basedir=/home/lukasz/Pulpit/Projekty/java-koans/koans com.sandwich.koan.runner.AppLauncher

Host: Intel(R) Core(TM) i3-5010U CPU @ 2.10GHz, 4 cores, 3G, Ubuntu 18.04.1 LTS
Time: Thu Nov 29 22:36:56 2018 CET elapsed time: 7012 seconds (0d 1h 56m 52s)

---------------  T H R E A D  ---------------

Current thread (0x00007fd64c0e0000):  VMThread "VM Thread" [stack: 0x00007fd630393000,0x00007fd630493000] [id=6210]

Stack: [0x00007fd630393000,0x00007fd630493000],  sp=0x00007fd6304910a0,  free space=1016k
Native frames: (J=compiled Java code, A=aot compiled Java code, j=interpreted, Vv=VM code, C=native code)
V  [libjvm.so+0xd27ea4]
V  [libjvm.so+0xd28a4b]
V  [libjvm.so+0x64d415]
V  [libjvm.so+0xb2d7c8]
V  [libjvm.so+0xb2601d]
V  [libjvm.so+0x7662ff]
V  [libjvm.so+0x76653e]
V  [libjvm.so+0x769500]
V  [libjvm.so+0x7efa1c]
V  [libjvm.so+0x7f06df]
V  [libjvm.so+0x7f0b59]
V  [libjvm.so+0x7162cf]
V  [libjvm.so+0x71a3ba]
V  [libjvm.so+0xd3a008]
V  [libjvm.so+0xd38871]
V  [libjvm.so+0xd35b3b]
V  [libjvm.so+0xd3715e]
V  [libjvm.so+0xd37588]
V  [libjvm.so+0xb33d40]

VM_Operation (0x00007fd6020cb460): G1IncCollectionPause, mode: safepoint, requested by thread 0x00007fd64c2b9000


---------------  P R O C E S S  ---------------

Threads class SMR info:
_java_thread_list=0x00007fd5c8003a50, length=12, elements={
0x00007fd64c0ea000, 0x00007fd64c0ec000, 0x00007fd64c0f5000, 0x00007fd64c0ff800,
0x00007fd64c101800, 0x00007fd64c103800, 0x00007fd64c105800, 0x00007fd64c182800,
0x00007fd64c1a3000, 0x00007fd64c2b4800, 0x00007fd64c2b9000, 0x00007fd64c011800
}

Java Threads: ( => current thread )
  0x00007fd64c0ea000 JavaThread "Reference Handler" daemon [_thread_blocked, id=6211, stack(0x00007fd630290000,0x00007fd630391000)]
  0x00007fd64c0ec000 JavaThread "Finalizer" daemon [_thread_blocked, id=6212, stack(0x00007fd63018f000,0x00007fd630290000)]
  0x00007fd64c0f5000 JavaThread "Signal Dispatcher" daemon [_thread_blocked, id=6213, stack(0x00007fd63008e000,0x00007fd63018f000)]
  0x00007fd64c0ff800 JavaThread "C2 CompilerThread0" daemon [_thread_blocked, id=6214, stack(0x00007fd602bff000,0x00007fd602d00000)]
  0x00007fd64c101800 JavaThread "C2 CompilerThread1" daemon [_thread_blocked, id=6215, stack(0x00007fd602afe000,0x00007fd602bff000)]
  0x00007fd64c103800 JavaThread "C1 CompilerThread2" daemon [_thread_blocked, id=6216, stack(0x00007fd6029fd000,0x00007fd602afe000)]
  0x00007fd64c105800 JavaThread "Sweeper thread" daemon [_thread_blocked, id=6217, stack(0x00007fd6028fc000,0x00007fd6029fd000)]
  0x00007fd64c182800 JavaThread "Service Thread" daemon [_thread_blocked, id=6218, stack(0x00007fd6027fb000,0x00007fd6028fc000)]
  0x00007fd64c1a3000 JavaThread "Common-Cleaner" daemon [_thread_blocked, id=6220, stack(0x00007fd6025f8000,0x00007fd6026f9000)]
  0x00007fd64c2b4800 JavaThread "Thread-0" [_thread_in_native, id=6221, stack(0x00007fd6020cd000,0x00007fd6021ce000)]
  0x00007fd64c2b9000 JavaThread "FileMonitorPolling" [_thread_blocked, id=6222, stack(0x00007fd601fcc000,0x00007fd6020cd000)]
  0x00007fd64c011800 JavaThread "DestroyJavaVM" [_thread_blocked, id=6198, stack(0x00007fd655f2f000,0x00007fd656030000)]

Other Threads:
=>0x00007fd64c0e0000 VMThread "VM Thread" [stack: 0x00007fd630393000,0x00007fd630493000] [id=6210]
  0x00007fd64c184800 WatcherThread [stack: 0x00007fd6026fb000,0x00007fd6027fb000] [id=6219]
  0x00007fd64c028800 GCTaskThread "GC Thread#0" [stack: 0x00007fd652053000,0x00007fd652153000] [id=6199]
  0x00007fd64c029800 GCTaskThread "GC Thread#1" [stack: 0x00007fd651f51000,0x00007fd652051000] [id=6200]
  0x00007fd64c02b800 GCTaskThread "GC Thread#2" [stack: 0x00007fd651e4f000,0x00007fd651f4f000] [id=6201]
  0x00007fd64c02d000 GCTaskThread "GC Thread#3" [stack: 0x00007fd651d4d000,0x00007fd651e4d000] [id=6202]
  0x00007fd64c044000 ConcurrentGCThread "G1 Main Marker" [stack: 0x00007fd650391000,0x00007fd650491000] [id=6203]
  0x00007fd64c046000 ConcurrentGCThread "G1 Conc#0" [stack: 0x00007fd65028f000,0x00007fd65038f000] [id=6204]
  0x00007fd64c079000 ConcurrentGCThread "G1 Refine#0" [stack: 0x00007fd630913000,0x00007fd630a13000] [id=6205]
  0x00007fd64c07b000 ConcurrentGCThread "G1 Refine#1" [stack: 0x00007fd630811000,0x00007fd630911000] [id=6206]
  0x00007fd64c07c800 ConcurrentGCThread "G1 Refine#2" [stack: 0x00007fd63070f000,0x00007fd63080f000] [id=6207]
  0x00007fd64c07e800 ConcurrentGCThread "G1 Refine#3" [stack: 0x00007fd63060d000,0x00007fd63070d000] [id=6208]
  0x00007fd64c080000 ConcurrentGCThread "G1 Young RemSet Sampling" [stack: 0x00007fd63050b000,0x00007fd63060b000] [id=6209]

Threads with active compile tasks:

VM state:at safepoint (normal execution)

VM Mutex/Monitor currently owned by a thread:  ([mutex/lock_event])
[0x00007fd64c00e180] Threads_lock - owner thread: 0x00007fd64c0e0000
[0x00007fd64c00e720] Heap_lock - owner thread: 0x00007fd64c2b9000

Heap address: 0x00000000c3c00000, size: 964 MB, Compressed Oops mode: 32-bit
Narrow klass base: 0x0000000000000000, Narrow klass shift: 3
Compressed class space size: 1073741824 Address: 0x0000000100000000

Heap:
 garbage-first heap   total 460800K, used 2685K [0x00000000c3c00000, 0x0000000100000000)
  region size 1024K, 1 young (1024K), 1 survivors (1024K)
 Metaspace       used 12960K, capacity 13443K, committed 13696K, reserved 1060864K
  class space    used 1184K, capacity 1348K, committed 1408K, reserved 1048576K
Heap Regions: E=young(eden), S=young(survivor), O=old, HS=humongous(starts), HC=humongous(continues), CS=collection set, F=free, A=archive, TS=gc time stamp, AC=allocation context, TAMS=top-at-mark-start (previous, next)
|   0|0x00000000c3c00000, 0x00000000c3d00000, 0x00000000c3d00000|100%| O|  |TS 16|AC  0|TAMS 0x00000000c3c00000, 0x00000000c3c00000|
|   1|0x00000000c3d00000, 0x00000000c3e00000, 0x00000000c3e00000|100%| O|  |TS 16|AC  0|TAMS 0x00000000c3d00000, 0x00000000c3d00000|
|   2|0x00000000c3e00000, 0x00000000c3e98c00, 0x00000000c3f00000| 59%| O|  |TS476|AC  0|TAMS 0x00000000c3e00000, 0x00000000c3e00000|
|   3|0x00000000c3f00000, 0x00000000c3f00000, 0x00000000c4000000|  0%| F|  |TS  0|AC  0|TAMS 0x00000000c3f00000, 0x00000000c3f00000|
|   4|0x00000000c4000000, 0x00000000c4000000, 0x00000000c4100000|  0%| F|  |TS  0|AC  0|TAMS 0x00000000c4000000, 0x00000000c4000000|
|   5|0x00000000c4100000, 0x00000000c4100000, 0x00000000c4200000|  0%| F|  |TS  0|AC  0|TAMS 0x00000000c4100000, 0x00000000c4100000|
|   6|0x00000000c4200000, 0x00000000c4200000, 0x00000000c4300000|  0%| F|  |TS  0|AC  0|TAMS 0x00000000c4200000, 0x00000000c4200000|
|   7|0x00000000c4300000, 0x00000000c4300000, 0x00000000c4400000|  0%| F|  |TS  0|AC  0|TAMS 0x00000000c4300000, 0x00000000c4300000|
|   8|0x00000000c4400000, 0x00000000c4400000, 0x00000000c4500000|  0%| F|  |TS  0|AC  0|TAMS 0x00000000c4400000, 0x00000000c4400000|
|   9|0x00000000c4500000, 0x00000000c4500000, 0x00000000c4600000|  0%| F|  |TS  0|AC  0|TAMS 0x00000000c4500000, 0x00000000c4500000|
|  10|0x00000000c4600000, 0x00000000c4600000, 0x00000000c4700000|  0%| F|  |TS  0|AC  0|TAMS 0x00000000c4600000, 0x00000000c4600000|
|  11|0x00000000c4700000, 0x00000000c4700000, 0x00000000c4800000|  0%| F|  |TS  0|AC  0|TAMS 0x00000000c4700000, 0x00000000c4700000|
|  12|0x00000000c4800000, 0x00000000c4800000, 0x00000000c4900000|  0%| F|  |TS  0|AC  0|TAMS 0x00000000c4800000, 0x00000000c4800000|
|  13|0x00000000c4900000, 0x00000000c4900000, 0x00000000c4a00000|  0%| F|  |TS  0|AC  0|TAMS 0x00000000c4900000, 0x00000000c4900000|
|  14|0x00000000c4a00000, 0x00000000c4a00000, 0x00000000c4b00000|  0%| F|  |TS  0|AC  0|TAMS 0x00000000c4a00000, 0x00000000c4a00000|
|  15|0x00000000c4b00000, 0x00000000c4b00000, 0x00000000c4c00000|  0%| F|  |TS  0|AC  0|TAMS 0x00000000c4b00000, 0x00000000c4b00000|
|  16|0x00000000c4c00000, 0x00000000c4c00000, 0x00000000c4d00000|  0%| F|  |TS  0|AC  0|TAMS 0x00000000c4c00000, 0x00000000c4c00000|
|  17|0x00000000c4d00000, 0x00000000c4d00000, 0x00000000c4e00000|  0%| F|  |TS  0|AC  0|TAMS 0x00000000c4d00000, 0x00000000c4d00000|
|  18|0x00000000c4e00000, 0x00000000c4e00000, 0x00000000c4f00000|  0%| F|  |TS  0|AC  0|TAMS 0x00000000c4e00000, 0x00000000c4e00000|
|  19|0x00000000c4f00000, 0x00000000c4f00000, 0x00000000c5000000|  0%| F|  |TS  0|AC  0|TAMS 0x00000000c4f00000, 0x00000000c4f00000|
|  20|0x00000000c5000000, 0x00000000c5000000, 0x00000000c5100000|  0%| F|  |TS  0|AC  0|TAMS 0x00000000c5000000, 0x00000000c5000000|
|  21|0x00000000c5100000, 0x00000000c5100000, 0x00000000c5200000|  0%| F|  |TS  0|AC  0|TAMS 0x00000000c5100000, 0x00000000c5100000|
|  22|0x00000000c5200000, 0x00000000c5200000, 0x00000000c5300000|  0%| F|  |TS 15|AC  0|TAMS 0x00000000c5200000, 0x00000000c5200000|
|  23|0x00000000c5300000, 0x00000000c5300000, 0x00000000c5400000|  0%| F|  |TS 15|AC  0|TAMS 0x00000000c5300000, 0x00000000c5300000|
|  24|0x00000000c5400000, 0x00000000c5400000, 0x00000000c5500000|  0%| F|  |TS455|AC  0|TAMS 0x00000000c5400000, 0x00000000c5400000|
|  25|0x00000000c5500000, 0x00000000c5500000, 0x00000000c5600000|  0%| F|  |TS456|AC  0|TAMS 0x00000000c5500000, 0x00000000c5500000|
|  26|0x00000000c5600000, 0x00000000c5600000, 0x00000000c5700000|  0%| F|  |TS455|AC  0|TAMS 0x00000000c5600000, 0x00000000c5600000|
|  27|0x00000000c5700000, 0x00000000c5700000, 0x00000000c5800000|  0%| F|  |TS455|AC  0|TAMS 0x00000000c5700000, 0x00000000c5700000|
|  28|0x00000000c5800000, 0x00000000c5800000, 0x00000000c5900000|  0%| F|  |TS455|AC  0|TAMS 0x00000000c5800000, 0x00000000c5800000|
|  29|0x00000000c5900000, 0x00000000c5900000, 0x00000000c5a00000|  0%| F|  |TS470|AC  0|TAMS 0x00000000c5900000, 0x00000000c5900000|
|  30|0x00000000c5a00000, 0x00000000c5a00000, 0x00000000c5b00000|  0%| F|  |TS471|AC  0|TAMS 0x00000000c5a00000, 0x00000000c5a00000|
|  31|0x00000000c5b00000, 0x00000000c5b00000, 0x00000000c5c00000|  0%| F|  |TS470|AC  0|TAMS 0x00000000c5b00000, 0x00000000c5b00000|
|  32|0x00000000c5c00000, 0x00000000c5c00000, 0x00000000c5d00000|  0%| F|  |TS470|AC  0|TAMS 0x00000000c5c00000, 0x00000000c5c00000|
|  33|0x00000000c5d00000, 0x00000000c5d00000, 0x00000000c5e00000|  0%| F|  |TS470|AC  0|TAMS 0x00000000c5d00000, 0x00000000c5d00000|
|  34|0x00000000c5e00000, 0x00000000c5e00000, 0x00000000c5f00000|  0%| F|  |TS470|AC  0|TAMS 0x00000000c5e00000, 0x00000000c5e00000|
|  35|0x00000000c5f00000, 0x00000000c5f00000, 0x00000000c6000000|  0%| F|  |TS470|AC  0|TAMS 0x00000000c5f00000, 0x00000000c5f00000|
|  36|0x00000000c6000000, 0x00000000c6000000, 0x00000000c6100000|  0%| F|  |TS470|AC  0|TAMS 0x00000000c6000000, 0x00000000c6000000|
|  37|0x00000000c6100000, 0x00000000c6100000, 0x00000000c6200000|  0%| F|  |TS470|AC  0|TAMS 0x00000000c6100000, 0x00000000c6100000|
|  38|0x00000000c6200000, 0x00000000c6200000, 0x00000000c6300000|  0%| F|  |TS470|AC  0|TAMS 0x00000000c6200000, 0x00000000c6200000|
|  39|0x00000000c6300000, 0x00000000c6300000, 0x00000000c6400000|  0%| F|  |TS470|AC  0|TAMS 0x00000000c6300000, 0x00000000c6300000|
|  40|0x00000000c6400000, 0x00000000c6400000, 0x00000000c6500000|  0%| F|  |TS470|AC  0|TAMS 0x00000000c6400000, 0x00000000c6400000|
|  41|0x00000000c6500000, 0x00000000c6500000, 0x00000000c6600000|  0%| F|  |TS470|AC  0|TAMS 0x00000000c6500000, 0x00000000c6500000|
|  42|0x00000000c6600000, 0x00000000c6600000, 0x00000000c6700000|  0%| F|  |TS470|AC  0|TAMS 0x00000000c6600000, 0x00000000c6600000|
|  43|0x00000000c6700000, 0x00000000c6700000, 0x00000000c6800000|  0%| F|  |TS470|AC  0|TAMS 0x00000000c6700000, 0x00000000c6700000|
|  44|0x00000000c6800000, 0x00000000c6800000, 0x00000000c6900000|  0%| F|  |TS470|AC  0|TAMS 0x00000000c6800000, 0x00000000c6800000|
|  45|0x00000000c6900000, 0x00000000c6900000, 0x00000000c6a00000|  0%| F|  |TS470|AC  0|TAMS 0x00000000c6900000, 0x00000000c6900000|
|  46|0x00000000c6a00000, 0x00000000c6a00000, 0x00000000c6b00000|  0%| F|  |TS470|AC  0|TAMS 0x00000000c6a00000, 0x00000000c6a00000|
|  47|0x00000000c6b00000, 0x00000000c6b00000, 0x00000000c6c00000|  0%| F|  |TS470|AC  0|TAMS 0x00000000c6b00000, 0x00000000c6b00000|
|  48|0x00000000c6c00000, 0x00000000c6c00000, 0x00000000c6d00000|  0%| F|  |TS470|AC  0|TAMS 0x00000000c6c00000, 0x00000000c6c00000|
|  49|0x00000000c6d00000, 0x00000000c6d00000, 0x00000000c6e00000|  0%| F|  |TS470|AC  0|TAMS 0x00000000c6d00000, 0x00000000c6d00000|
|  50|0x00000000c6e00000, 0x00000000c6e00000, 0x00000000c6f00000|  0%| F|  |TS470|AC  0|TAMS 0x00000000c6e00000, 0x00000000c6e00000|
|  51|0x00000000c6f00000, 0x00000000c6f00000, 0x00000000c7000000|  0%| F|  |TS470|AC  0|TAMS 0x00000000c6f00000, 0x00000000c6f00000|
|  52|0x00000000c7000000, 0x00000000c7000000, 0x00000000c7100000|  0%| F|  |TS470|AC  0|TAMS 0x00000000c7000000, 0x00000000c7000000|
|  53|0x00000000c7100000, 0x00000000c7100000, 0x00000000c7200000|  0%| F|  |TS470|AC  0|TAMS 0x00000000c7100000, 0x00000000c7100000|
|  54|0x00000000c7200000, 0x00000000c7200000, 0x00000000c7300000|  0%| F|  |TS470|AC  0|TAMS 0x00000000c7200000, 0x00000000c7200000|
|  55|0x00000000c7300000, 0x00000000c7300000, 0x00000000c7400000|  0%| F|  |TS470|AC  0|TAMS 0x00000000c7300000, 0x00000000c7300000|
|  56|0x00000000c7400000, 0x00000000c7400000, 0x00000000c7500000|  0%| F|  |TS470|AC  0|TAMS 0x00000000c7400000, 0x00000000c7400000|
|  57|0x00000000c7500000, 0x00000000c7500000, 0x00000000c7600000|  0%| F|  |TS470|AC  0|TAMS 0x00000000c7500000, 0x00000000c7500000|
|  58|0x00000000c7600000, 0x00000000c7600000, 0x00000000c7700000|  0%| F|  |TS470|AC  0|TAMS 0x00000000c7600000, 0x00000000c7600000|
|  59|0x00000000c7700000, 0x00000000c7700000, 0x00000000c7800000|  0%| F|  |TS473|AC  0|TAMS 0x00000000c7700000, 0x00000000c7700000|
|  60|0x00000000c7800000, 0x00000000c7800000, 0x00000000c7900000|  0%| F|  |TS472|AC  0|TAMS 0x00000000c7800000, 0x00000000c7800000|
|  61|0x00000000c7900000, 0x00000000c7900000, 0x00000000c7a00000|  0%| F|  |TS472|AC  0|TAMS 0x00000000c7900000, 0x00000000c7900000|
|  62|0x00000000c7a00000, 0x00000000c7a00000, 0x00000000c7b00000|  0%| F|  |TS472|AC  0|TAMS 0x00000000c7a00000, 0x00000000c7a00000|
|  63|0x00000000c7b00000, 0x00000000c7b00000, 0x00000000c7c00000|  0%| F|  |TS472|AC  0|TAMS 0x00000000c7b00000, 0x00000000c7b00000|
|  64|0x00000000c7c00000, 0x00000000c7c00000, 0x00000000c7d00000|  0%| F|  |TS472|AC  0|TAMS 0x00000000c7c00000, 0x00000000c7c00000|
|  65|0x00000000c7d00000, 0x00000000c7d00000, 0x00000000c7e00000|  0%| F|  |TS472|AC  0|TAMS 0x00000000c7d00000, 0x00000000c7d00000|
|  66|0x00000000c7e00000, 0x00000000c7e00000, 0x00000000c7f00000|  0%| F|  |TS472|AC  0|TAMS 0x00000000c7e00000, 0x00000000c7e00000|
|  67|0x00000000c7f00000, 0x00000000c7f00000, 0x00000000c8000000|  0%| F|  |TS472|AC  0|TAMS 0x00000000c7f00000, 0x00000000c7f00000|
|  68|0x00000000c8000000, 0x00000000c8000000, 0x00000000c8100000|  0%| F|  |TS472|AC  0|TAMS 0x00000000c8000000, 0x00000000c8000000|
|  69|0x00000000c8100000, 0x00000000c8100000, 0x00000000c8200000|  0%| F|  |TS472|AC  0|TAMS 0x00000000c8100000, 0x00000000c8100000|
|  70|0x00000000c8200000, 0x00000000c8200000, 0x00000000c8300000|  0%| F|  |TS472|AC  0|TAMS 0x00000000c8200000, 0x00000000c8200000|
|  71|0x00000000c8300000, 0x00000000c8300000, 0x00000000c8400000|  0%| F|  |TS472|AC  0|TAMS 0x00000000c8300000, 0x00000000c8300000|
|  72|0x00000000c8400000, 0x00000000c8400000, 0x00000000c8500000|  0%| F|  |TS472|AC  0|TAMS 0x00000000c8400000, 0x00000000c8400000|
|  73|0x00000000c8500000, 0x00000000c8500000, 0x00000000c8600000|  0%| F|  |TS472|AC  0|TAMS 0x00000000c8500000, 0x00000000c8500000|
|  74|0x00000000c8600000, 0x00000000c8600000, 0x00000000c8700000|  0%| F|  |TS472|AC  0|TAMS 0x00000000c8600000, 0x00000000c8600000|
|  75|0x00000000c8700000, 0x00000000c8700000, 0x00000000c8800000|  0%| F|  |TS472|AC  0|TAMS 0x00000000c8700000, 0x00000000c8700000|
|  76|0x00000000c8800000, 0x00000000c8800000, 0x00000000c8900000|  0%| F|  |TS472|AC  0|TAMS 0x00000000c8800000, 0x00000000c8800000|
|  77|0x00000000c8900000, 0x00000000c8900000, 0x00000000c8a00000|  0%| F|  |TS472|AC  0|TAMS 0x00000000c8900000, 0x00000000c8900000|
|  78|0x00000000c8a00000, 0x00000000c8a00000, 0x00000000c8b00000|  0%| F|  |TS472|AC  0|TAMS 0x00000000c8a00000, 0x00000000c8a00000|
|  79|0x00000000c8b00000, 0x00000000c8b00000, 0x00000000c8c00000|  0%| F|  |TS472|AC  0|TAMS 0x00000000c8b00000, 0x00000000c8b00000|
|  80|0x00000000c8c00000, 0x00000000c8c00000, 0x00000000c8d00000|  0%| F|  |TS472|AC  0|TAMS 0x00000000c8c00000, 0x00000000c8c00000|
|  81|0x00000000c8d00000, 0x00000000c8d00000, 0x00000000c8e00000|  0%| F|  |TS472|AC  0|TAMS 0x00000000c8d00000, 0x00000000c8d00000|
|  82|0x00000000c8e00000, 0x00000000c8e00000, 0x00000000c8f00000|  0%| F|  |TS472|AC  0|TAMS 0x00000000c8e00000, 0x00000000c8e00000|
|  83|0x00000000c8f00000, 0x00000000c8f00000, 0x00000000c9000000|  0%| F|  |TS472|AC  0|TAMS 0x00000000c8f00000, 0x00000000c8f00000|
|  84|0x00000000c9000000, 0x00000000c9000000, 0x00000000c9100000|  0%| F|  |TS472|AC  0|TAMS 0x00000000c9000000, 0x00000000c9000000|
|  85|0x00000000c9100000, 0x00000000c9100000, 0x00000000c9200000|  0%| F|  |TS472|AC  0|TAMS 0x00000000c9100000, 0x00000000c9100000|
|  86|0x00000000c9200000, 0x00000000c9200000, 0x00000000c9300000|  0%| F|  |TS472|AC  0|TAMS 0x00000000c9200000, 0x00000000c9200000|
|  87|0x00000000c9300000, 0x00000000c9300000, 0x00000000c9400000|  0%| F|  |TS472|AC  0|TAMS 0x00000000c9300000, 0x00000000c9300000|
|  88|0x00000000c9400000, 0x00000000c9400000, 0x00000000c9500000|  0%| F|  |TS472|AC  0|TAMS 0x00000000c9400000, 0x00000000c9400000|
|  89|0x00000000c9500000, 0x00000000c9500000, 0x00000000c9600000|  0%| F|  |TS472|AC  0|TAMS 0x00000000c9500000, 0x00000000c9500000|
|  90|0x00000000c9600000, 0x00000000c9600000, 0x00000000c9700000|  0%| F|  |TS472|AC  0|TAMS 0x00000000c9600000, 0x00000000c9600000|
|  91|0x00000000c9700000, 0x00000000c9700000, 0x00000000c9800000|  0%| F|  |TS472|AC  0|TAMS 0x00000000c9700000, 0x00000000c9700000|
|  92|0x00000000c9800000, 0x00000000c9800000, 0x00000000c9900000|  0%| F|  |TS472|AC  0|TAMS 0x00000000c9800000, 0x00000000c9800000|
|  93|0x00000000c9900000, 0x00000000c9900000, 0x00000000c9a00000|  0%| F|  |TS472|AC  0|TAMS 0x00000000c9900000, 0x00000000c9900000|
|  94|0x00000000c9a00000, 0x00000000c9a00000, 0x00000000c9b00000|  0%| F|  |TS472|AC  0|TAMS 0x00000000c9a00000, 0x00000000c9a00000|
|  95|0x00000000c9b00000, 0x00000000c9b00000, 0x00000000c9c00000|  0%| F|  |TS472|AC  0|TAMS 0x00000000c9b00000, 0x00000000c9b00000|
|  96|0x00000000c9c00000, 0x00000000c9c00000, 0x00000000c9d00000|  0%| F|  |TS472|AC  0|TAMS 0x00000000c9c00000, 0x00000000c9c00000|
|  97|0x00000000c9d00000, 0x00000000c9d00000, 0x00000000c9e00000|  0%| F|  |TS472|AC  0|TAMS 0x00000000c9d00000, 0x00000000c9d00000|
|  98|0x00000000c9e00000, 0x00000000c9e00000, 0x00000000c9f00000|  0%| F|  |TS472|AC  0|TAMS 0x00000000c9e00000, 0x00000000c9e00000|
|  99|0x00000000c9f00000, 0x00000000c9f00000, 0x00000000ca000000|  0%| F|  |TS472|AC  0|TAMS 0x00000000c9f00000, 0x00000000c9f00000|
| 100|0x00000000ca000000, 0x00000000ca000000, 0x00000000ca100000|  0%| F|  |TS472|AC  0|TAMS 0x00000000ca000000, 0x00000000ca000000|
| 101|0x00000000ca100000, 0x00000000ca100000, 0x00000000ca200000|  0%| F|  |TS472|AC  0|TAMS 0x00000000ca100000, 0x00000000ca100000|
| 102|0x00000000ca200000, 0x00000000ca200000, 0x00000000ca300000|  0%| F|  |TS472|AC  0|TAMS 0x00000000ca200000, 0x00000000ca200000|
| 103|0x00000000ca300000, 0x00000000ca300000, 0x00000000ca400000|  0%| F|  |TS472|AC  0|TAMS 0x00000000ca300000, 0x00000000ca300000|
| 104|0x00000000ca400000, 0x00000000ca400000, 0x00000000ca500000|  0%| F|  |TS472|AC  0|TAMS 0x00000000ca400000, 0x00000000ca400000|
| 105|0x00000000ca500000, 0x00000000ca500000, 0x00000000ca600000|  0%| F|  |TS472|AC  0|TAMS 0x00000000ca500000, 0x00000000ca500000|
| 106|0x00000000ca600000, 0x00000000ca600000, 0x00000000ca700000|  0%| F|  |TS472|AC  0|TAMS 0x00000000ca600000, 0x00000000ca600000|
| 107|0x00000000ca700000, 0x00000000ca700000, 0x00000000ca800000|  0%| F|  |TS472|AC  0|TAMS 0x00000000ca700000, 0x00000000ca700000|
| 108|0x00000000ca800000, 0x00000000ca800000, 0x00000000ca900000|  0%| F|  |TS472|AC  0|TAMS 0x00000000ca800000, 0x00000000ca800000|
| 109|0x00000000ca900000, 0x00000000ca900000, 0x00000000caa00000|  0%| F|  |TS472|AC  0|TAMS 0x00000000ca900000, 0x00000000ca900000|
| 110|0x00000000caa00000, 0x00000000caa00000, 0x00000000cab00000|  0%| F|  |TS472|AC  0|TAMS 0x00000000caa00000, 0x00000000caa00000|
| 111|0x00000000cab00000, 0x00000000cab00000, 0x00000000cac00000|  0%| F|  |TS472|AC  0|TAMS 0x00000000cab00000, 0x00000000cab00000|
| 112|0x00000000cac00000, 0x00000000cac00000, 0x00000000cad00000|  0%| F|  |TS472|AC  0|TAMS 0x00000000cac00000, 0x00000000cac00000|
| 113|0x00000000cad00000, 0x00000000cad00000, 0x00000000cae00000|  0%| F|  |TS472|AC  0|TAMS 0x00000000cad00000, 0x00000000cad00000|
| 114|0x00000000cae00000, 0x00000000cae00000, 0x00000000caf00000|  0%| F|  |TS472|AC  0|TAMS 0x00000000cae00000, 0x00000000cae00000|
| 115|0x00000000caf00000, 0x00000000caf00000, 0x00000000cb000000|  0%| F|  |TS472|AC  0|TAMS 0x00000000caf00000, 0x00000000caf00000|
| 116|0x00000000cb000000, 0x00000000cb000000, 0x00000000cb100000|  0%| F|  |TS472|AC  0|TAMS 0x00000000cb000000, 0x00000000cb000000|
| 117|0x00000000cb100000, 0x00000000cb100000, 0x00000000cb200000|  0%| F|  |TS472|AC  0|TAMS 0x00000000cb100000, 0x00000000cb100000|
| 118|0x00000000cb200000, 0x00000000cb200000, 0x00000000cb300000|  0%| F|  |TS472|AC  0|TAMS 0x00000000cb200000, 0x00000000cb200000|
| 119|0x00000000cb300000, 0x00000000cb300000, 0x00000000cb400000|  0%| F|  |TS472|AC  0|TAMS 0x00000000cb300000, 0x00000000cb300000|
| 120|0x00000000cb400000, 0x00000000cb400000, 0x00000000cb500000|  0%| F|  |TS472|AC  0|TAMS 0x00000000cb400000, 0x00000000cb400000|
| 121|0x00000000cb500000, 0x00000000cb500000, 0x00000000cb600000|  0%| F|  |TS472|AC  0|TAMS 0x00000000cb500000, 0x00000000cb500000|
| 122|0x00000000cb600000, 0x00000000cb600000, 0x00000000cb700000|  0%| F|  |TS472|AC  0|TAMS 0x00000000cb600000, 0x00000000cb600000|
| 123|0x00000000cb700000, 0x00000000cb700000, 0x00000000cb800000|  0%| F|  |TS472|AC  0|TAMS 0x00000000cb700000, 0x00000000cb700000|
| 124|0x00000000cb800000, 0x00000000cb800000, 0x00000000cb900000|  0%| F|  |TS472|AC  0|TAMS 0x00000000cb800000, 0x00000000cb800000|
| 125|0x00000000cb900000, 0x00000000cb900000, 0x00000000cba00000|  0%| F|  |TS472|AC  0|TAMS 0x00000000cb900000, 0x00000000cb900000|
| 126|0x00000000cba00000, 0x00000000cba00000, 0x00000000cbb00000|  0%| F|  |TS472|AC  0|TAMS 0x00000000cba00000, 0x00000000cba00000|
| 127|0x00000000cbb00000, 0x00000000cbb00000, 0x00000000cbc00000|  0%| F|  |TS472|AC  0|TAMS 0x00000000cbb00000, 0x00000000cbb00000|
| 128|0x00000000cbc00000, 0x00000000cbc00000, 0x00000000cbd00000|  0%| F|  |TS472|AC  0|TAMS 0x00000000cbc00000, 0x00000000cbc00000|
| 129|0x00000000cbd00000, 0x00000000cbd00000, 0x00000000cbe00000|  0%| F|  |TS472|AC  0|TAMS 0x00000000cbd00000, 0x00000000cbd00000|
| 130|0x00000000cbe00000, 0x00000000cbe00000, 0x00000000cbf00000|  0%| F|  |TS472|AC  0|TAMS 0x00000000cbe00000, 0x00000000cbe00000|
| 131|0x00000000cbf00000, 0x00000000cbf00000, 0x00000000cc000000|  0%| F|  |TS472|AC  0|TAMS 0x00000000cbf00000, 0x00000000cbf00000|
| 132|0x00000000cc000000, 0x00000000cc000000, 0x00000000cc100000|  0%| F|  |TS472|AC  0|TAMS 0x00000000cc000000, 0x00000000cc000000|
| 133|0x00000000cc100000, 0x00000000cc100000, 0x00000000cc200000|  0%| F|  |TS472|AC  0|TAMS 0x00000000cc100000, 0x00000000cc100000|
| 134|0x00000000cc200000, 0x00000000cc200000, 0x00000000cc300000|  0%| F|  |TS472|AC  0|TAMS 0x00000000cc200000, 0x00000000cc200000|
| 135|0x00000000cc300000, 0x00000000cc300000, 0x00000000cc400000|  0%| F|  |TS472|AC  0|TAMS 0x00000000cc300000, 0x00000000cc300000|
| 136|0x00000000cc400000, 0x00000000cc400000, 0x00000000cc500000|  0%| F|  |TS472|AC  0|TAMS 0x00000000cc400000, 0x00000000cc400000|
| 137|0x00000000cc500000, 0x00000000cc500000, 0x00000000cc600000|  0%| F|  |TS472|AC  0|TAMS 0x00000000cc500000, 0x00000000cc500000|
| 138|0x00000000cc600000, 0x00000000cc600000, 0x00000000cc700000|  0%| F|  |TS472|AC  0|TAMS 0x00000000cc600000, 0x00000000cc600000|
| 139|0x00000000cc700000, 0x00000000cc700000, 0x00000000cc800000|  0%| F|  |TS472|AC  0|TAMS 0x00000000cc700000, 0x00000000cc700000|
| 140|0x00000000cc800000, 0x00000000cc800000, 0x00000000cc900000|  0%| F|  |TS472|AC  0|TAMS 0x00000000cc800000, 0x00000000cc800000|
| 141|0x00000000cc900000, 0x00000000cc900000, 0x00000000cca00000|  0%| F|  |TS472|AC  0|TAMS 0x00000000cc900000, 0x00000000cc900000|
| 142|0x00000000cca00000, 0x00000000cca068d0, 0x00000000ccb00000|  2%| S|CS|TS476|AC  0|TAMS 0x00000000cca00000, 0x00000000cca00000|
| 143|0x00000000ccb00000, 0x00000000ccb00000, 0x00000000ccc00000|  0%| F|  |TS476|AC  0|TAMS 0x00000000ccb00000, 0x00000000ccb00000|
| 144|0x00000000ccc00000, 0x00000000ccc00000, 0x00000000ccd00000|  0%| F|  |TS476|AC  0|TAMS 0x00000000ccc00000, 0x00000000ccc00000|
| 145|0x00000000ccd00000, 0x00000000ccd00000, 0x00000000cce00000|  0%| F|  |TS476|AC  0|TAMS 0x00000000ccd00000, 0x00000000ccd00000|
| 146|0x00000000cce00000, 0x00000000cce00000, 0x00000000ccf00000|  0%| F|  |TS476|AC  0|TAMS 0x00000000cce00000, 0x00000000cce00000|
| 147|0x00000000ccf00000, 0x00000000ccf00000, 0x00000000cd000000|  0%| F|  |TS476|AC  0|TAMS 0x00000000ccf00000, 0x00000000ccf00000|
| 148|0x00000000cd000000, 0x00000000cd000000, 0x00000000cd100000|  0%| F|  |TS476|AC  0|TAMS 0x00000000cd000000, 0x00000000cd000000|
| 149|0x00000000cd100000, 0x00000000cd100000, 0x00000000cd200000|  0%| F|  |TS476|AC  0|TAMS 0x00000000cd100000, 0x00000000cd100000|

Card table byte_map: [0x00007fd651583000,0x00007fd651765000] byte_map_base: 0x00007fd650f65000

Marking Bits (Prev, Next): (CMBitMap*) 0x00007fd64c043440, (CMBitMap*) 0x00007fd64c043478
 Prev Bits: [0x00007fd650491000, 0x00007fd6513a1000)
 Next Bits: [0x00007fd632c15000, 0x00007fd633b25000)

Polling page: 0x00007fd656043000

CodeHeap 'non-profiled nmethods': size=120032Kb used=893Kb max_used=926Kb free=119138Kb
 bounds [0x00007fd63b5ed000, 0x00007fd63b85d000, 0x00007fd642b25000]
CodeHeap 'profiled nmethods': size=120032Kb used=2228Kb max_used=2742Kb free=117803Kb
 bounds [0x00007fd6340b5000, 0x00007fd634365000, 0x00007fd63b5ed000]
CodeHeap 'non-nmethods': size=5696Kb used=1089Kb max_used=1122Kb free=4606Kb
 bounds [0x00007fd633b25000, 0x00007fd633d95000, 0x00007fd6340b5000]
 total_blobs=2594 nmethods=1374 adapters=327
 compilation: enabled

Compilation events (10 events):
Event: 3668,353 Thread 0x00007fd64c103800 1626       3       java.util.LinkedHashMap::afterNodeInsertion (40 bytes)
Event: 3668,354 Thread 0x00007fd64c103800 nmethod 1626 0x00007fd63415a610 code [0x00007fd63415a800, 0x00007fd63415acc8]
Event: 3668,371 Thread 0x00007fd64c103800 1628       3       java.lang.ModuleLayer::boot (4 bytes)
Event: 3668,371 Thread 0x00007fd64c103800 nmethod 1628 0x00007fd63415b390 code [0x00007fd63415b540, 0x00007fd63415b690]
Event: 3668,371 Thread 0x00007fd64c103800 1631  s    3       java.lang.StringBuffer::append (13 bytes)
Event: 3668,371 Thread 0x00007fd64c103800 nmethod 1631 0x00007fd63415d110 code [0x00007fd63415d2e0, 0x00007fd63415d608]
Event: 3668,371 Thread 0x00007fd64c103800 1630       3       java.lang.Throwable$WrappedPrintWriter::println (9 bytes)
Event: 3668,372 Thread 0x00007fd64c103800 nmethod 1630 0x00007fd6341df990 code [0x00007fd6341dfbe0, 0x00007fd6341e0558]
Event: 3668,372 Thread 0x00007fd64c103800 1629       1       java.lang.Module::getName (5 bytes)
Event: 3668,372 Thread 0x00007fd64c103800 nmethod 1629 0x00007fd63b6cad10 code [0x00007fd63b6caec0, 0x00007fd63b6cafd0]

GC Heap History (10 events):
Event: 6827,607 GC heap after
{Heap after GC invocations=471 (full 0):
 garbage-first heap   total 153600K, used 2675K [0x00000000c3c00000, 0x0000000100000000)
  region size 1024K, 1 young (1024K), 1 survivors (1024K)
 Metaspace       used 12960K, capacity 13443K, committed 13696K, reserved 1060864K
  class space    used 1184K, capacity 1348K, committed 1408K, reserved 1048576K
}
Event: 6867,190 GC heap before
{Heap before GC invocations=471 (full 0):
 garbage-first heap   total 153600K, used 93811K [0x00000000c3c00000, 0x0000000100000000)
  region size 1024K, 90 young (92160K), 1 survivors (1024K)
 Metaspace       used 12960K, capacity 13443K, committed 13696K, reserved 1060864K
  class space    used 1184K, capacity 1348K, committed 1408K, reserved 1048576K
}
Event: 6885,630 GC heap after
{Heap after GC invocations=472 (full 0):
 garbage-first heap   total 153600K, used 2679K [0x00000000c3c00000, 0x0000000100000000)
  region size 1024K, 1 young (1024K), 1 survivors (1024K)
 Metaspace       used 12960K, capacity 13443K, committed 13696K, reserved 1060864K
  class space    used 1184K, capacity 1348K, committed 1408K, reserved 1048576K
}
Event: 6903,814 GC heap before
{Heap before GC invocations=472 (full 0):
 garbage-first heap   total 153600K, used 8823K [0x00000000c3c00000, 0x0000000100000000)
  region size 1024K, 7 young (7168K), 1 survivors (1024K)
 Metaspace       used 12960K, capacity 13443K, committed 13696K, reserved 1060864K
  class space    used 1184K, capacity 1348K, committed 1408K, reserved 1048576K
}
Event: 6916,116 GC heap after
{Heap after GC invocations=473 (full 0):
 garbage-first heap   total 153600K, used 2673K [0x00000000c3c00000, 0x0000000100000000)
  region size 1024K, 1 young (1024K), 1 survivors (1024K)
 Metaspace       used 12960K, capacity 13443K, committed 13696K, reserved 1060864K
  class space    used 1184K, capacity 1348K, committed 1408K, reserved 1048576K
}
Event: 6939,493 GC heap before
{Heap before GC invocations=473 (full 0):
 garbage-first heap   total 153600K, used 8817K [0x00000000c3c00000, 0x0000000100000000)
  region size 1024K, 7 young (7168K), 1 survivors (1024K)
 Metaspace       used 12960K, capacity 13443K, committed 13696K, reserved 1060864K
  class space    used 1184K, capacity 1348K, committed 1408K, reserved 1048576K
}
Event: 6953,869 GC heap after
{Heap after GC invocations=474 (full 0):
 garbage-first heap   total 153600K, used 2671K [0x00000000c3c00000, 0x0000000100000000)
  region size 1024K, 1 young (1024K), 1 survivors (1024K)
 Metaspace       used 12960K, capacity 13443K, committed 13696K, reserved 1060864K
  class space    used 1184K, capacity 1348K, committed 1408K, reserved 1048576K
}
Event: 6966,542 GC heap before
{Heap before GC invocations=474 (full 0):
 garbage-first heap   total 153600K, used 8815K [0x00000000c3c00000, 0x0000000100000000)
  region size 1024K, 7 young (7168K), 1 survivors (1024K)
 Metaspace       used 12960K, capacity 13443K, committed 13696K, reserved 1060864K
  class space    used 1184K, capacity 1348K, committed 1408K, reserved 1048576K
}
Event: 6976,946 GC heap after
{Heap after GC invocations=475 (full 0):
 garbage-first heap   total 153600K, used 2687K [0x00000000c3c00000, 0x0000000100000000)
  region size 1024K, 1 young (1024K), 1 survivors (1024K)
 Metaspace       used 12960K, capacity 13443K, committed 13696K, reserved 1060864K
  class space    used 1184K, capacity 1348K, committed 1408K, reserved 1048576K
}
Event: 6996,469 GC heap before
{Heap before GC invocations=475 (full 0):
 garbage-first heap   total 153600K, used 8831K [0x00000000c3c00000, 0x0000000100000000)
  region size 1024K, 7 young (7168K), 1 survivors (1024K)
 Metaspace       used 12960K, capacity 13443K, committed 13696K, reserved 1060864K
  class space    used 1184K, capacity 1348K, committed 1408K, reserved 1048576K
}

Deoptimization events (10 events):
Event: 3141,329 Thread 0x00007fd64c2b9000 Uncommon trap: reason=bimorphic_or_optimized_type_check action=maybe_recompile pc=0x00007fd63b680ad0 method=java.util.HashMap.putVal(ILjava/lang/Object;Ljava/lang/Object;ZZ)Ljava/lang/Object; @ 91 c2
Event: 3141,430 Thread 0x00007fd64c2b9000 Uncommon trap: reason=speculate_class_check action=maybe_recompile pc=0x00007fd63b6915b0 method=com.sandwich.util.io.FileOperation.operate(Ljava/io/File;)V @ 52 c2
Event: 3143,221 Thread 0x00007fd5d0001800 Uncommon trap: reason=class_check action=maybe_recompile pc=0x00007fd63b678118 method=java.util.regex.Matcher.getTextLength()I @ 4 c2
Event: 3143,222 Thread 0x00007fd5d0001800 Uncommon trap: reason=class_check action=maybe_recompile pc=0x00007fd63b648010 method=java.util.regex.Matcher.match(II)Z @ 121 c2
Event: 3143,757 Thread 0x00007fd64c2b9000 Uncommon trap: reason=null_check action=make_not_entrant pc=0x00007fd63b6c6194 method=com.sandwich.util.io.FileMonitor.notifyListeners()V @ 58 c2
Event: 3475,911 Thread 0x00007fd64c2b9000 Uncommon trap: reason=speculate_class_check action=maybe_recompile pc=0x00007fd63b6915b0 method=com.sandwich.util.io.FileOperation.operate(Ljava/io/File;)V @ 52 c2
Event: 3477,444 Thread 0x00007fd5d0001800 Uncommon trap: reason=class_check action=maybe_recompile pc=0x00007fd63b67a5b4 method=java.util.regex.Matcher.getTextLength()I @ 4 c2
Event: 3477,445 Thread 0x00007fd5d0001800 Uncommon trap: reason=class_check action=maybe_recompile pc=0x00007fd63b648010 method=java.util.regex.Matcher.match(II)Z @ 121 c2
Event: 3477,981 Thread 0x00007fd64c2b9000 Uncommon trap: reason=bimorphic_or_optimized_type_check action=maybe_recompile pc=0x00007fd63b680ad0 method=java.util.HashMap.putVal(ILjava/lang/Object;Ljava/lang/Object;ZZ)Ljava/lang/Object; @ 91 c2
Event: 3485,241 Thread 0x00007fd64c2b9000 Uncommon trap: reason=bimorphic_or_optimized_type_check action=maybe_recompile pc=0x00007fd63b680ad0 method=java.util.HashMap.putVal(ILjava/lang/Object;Ljava/lang/Object;ZZ)Ljava/lang/Object; @ 91 c2

Classes redefined (0 events):
No events

Internal exceptions (10 events):
Event: 814,247 Thread 0x00007fd64c2b9000 Exception <a 'java/lang/NoSuchMethodError'{0x00000000c6e28448}: java.lang.invoke.DirectMethodHandle$Holder.invokeSpecial(Ljava/lang/Object;Ljava/lang/Object;Ljava/lang/Object;Ljava/lang/Object;I)Ljava/lang/Object;> (0x00000000c6e28448) thrown at [/build/o
Event: 816,439 Thread 0x00007fd5d002a000 Exception <a 'java/lang/NoSuchMethodError'{0x00000000c6ec5c60}: java.lang.Object.lambda$negate$3(I)Z> (0x00000000c6ec5c60) thrown at [/build/openjdk-lts-Ae5PRQ/openjdk-lts-10.0.2+13/src/hotspot/share/interpreter/linkResolver.cpp, line 741]
Event: 816,440 Thread 0x00007fd5d002a000 Exception <a 'java/lang/NoSuchMethodError'{0x00000000c6ec87c8}: java.lang.Object.lambda$and$0(Ljava/util/regex/Pattern$CharPredicate;I)Z> (0x00000000c6ec87c8) thrown at [/build/openjdk-lts-Ae5PRQ/openjdk-lts-10.0.2+13/src/hotspot/share/interpreter/linkRes
Event: 816,992 Thread 0x00007fd64c2b9000 Exception <a 'java/lang/reflect/InvocationTargetException'{0x00000000c6401698}> (0x00000000c6401698) thrown at [/build/openjdk-lts-Ae5PRQ/openjdk-lts-10.0.2+13/src/hotspot/share/runtime/reflection.cpp, line 1222]
Event: 3143,242 Thread 0x00007fd64c2b9000 Exception <a 'java/lang/reflect/InvocationTargetException'{0x00000000c6109470}> (0x00000000c6109470) thrown at [/build/openjdk-lts-Ae5PRQ/openjdk-lts-10.0.2+13/src/hotspot/share/runtime/reflection.cpp, line 1222]
Event: 3143,757 Thread 0x00007fd64c2b9000 Implicit null exception at 0x00007fd63b6c409c to 0x00007fd63b6c616a
Event: 3477,999 Thread 0x00007fd64c2b9000 Exception <a 'java/lang/reflect/InvocationTargetException'{0x00000000c66bca38}> (0x00000000c66bca38) thrown at [/build/openjdk-lts-Ae5PRQ/openjdk-lts-10.0.2+13/src/hotspot/share/runtime/reflection.cpp, line 1222]
Event: 3485,262 Thread 0x00007fd64c2b9000 Exception <a 'java/lang/reflect/InvocationTargetException'{0x00000000c72b8aa0}> (0x00000000c72b8aa0) thrown at [/build/openjdk-lts-Ae5PRQ/openjdk-lts-10.0.2+13/src/hotspot/share/runtime/reflection.cpp, line 1222]
Event: 3617,567 Thread 0x00007fd64c2b9000 Exception <a 'java/lang/reflect/InvocationTargetException'{0x00000000c6e71908}> (0x00000000c6e71908) thrown at [/build/openjdk-lts-Ae5PRQ/openjdk-lts-10.0.2+13/src/hotspot/share/runtime/reflection.cpp, line 1222]
Event: 3668,370 Thread 0x00007fd64c2b9000 Exception <a 'java/lang/reflect/InvocationTargetException'{0x00000000c5849498}> (0x00000000c5849498) thrown at [/build/openjdk-lts-Ae5PRQ/openjdk-lts-10.0.2+13/src/hotspot/share/runtime/reflection.cpp, line 1222]

Events (10 events):
Event: 6827,607 Executing VM operation: G1IncCollectionPause done
Event: 6866,040 Executing VM operation: G1IncCollectionPause
Event: 6886,845 Executing VM operation: G1IncCollectionPause done
Event: 6902,529 Executing VM operation: G1IncCollectionPause
Event: 6920,164 Executing VM operation: G1IncCollectionPause done
Event: 6938,095 Executing VM operation: G1IncCollectionPause
Event: 6954,766 Executing VM operation: G1IncCollectionPause done
Event: 6965,606 Executing VM operation: G1IncCollectionPause
Event: 6981,708 Executing VM operation: G1IncCollectionPause done
Event: 6994,701 Executing VM operation: G1IncCollectionPause


Dynamic libraries:
c3c00000-cd200000 rw-p 00000000 00:00 0 
dfe00000-100000000 ---p 00000000 00:00 0 
100000000-100160000 rw-p 00000000 00:00 0 
100160000-140000000 ---p 00000000 00:00 0 
557872509000-55787250a000 r-xp 00000000 08:07 660828                     /usr/lib/jvm/java-11-openjdk-amd64/bin/java
55787270a000-55787270b000 r--p 00001000 08:07 660828                     /usr/lib/jvm/java-11-openjdk-amd64/bin/java
55787270b000-55787270c000 rw-p 00002000 08:07 660828                     /usr/lib/jvm/java-11-openjdk-amd64/bin/java
5578732f6000-557873317000 rw-p 00000000 00:00 0                          [heap]
7fd5bc000000-7fd5bc021000 rw-p 00000000 00:00 0 
7fd5bc021000-7fd5c0000000 ---p 00000000 00:00 0 
7fd5c4000000-7fd5c4021000 rw-p 00000000 00:00 0 
7fd5c4021000-7fd5c8000000 ---p 00000000 00:00 0 
7fd5c8000000-7fd5c8021000 rw-p 00000000 00:00 0 
7fd5c8021000-7fd5cc000000 ---p 00000000 00:00 0 
7fd5cc000000-7fd5cc021000 rw-p 00000000 00:00 0 
7fd5cc021000-7fd5d0000000 ---p 00000000 00:00 0 
7fd5d0000000-7fd5d0042000 rw-p 00000000 00:00 0 
7fd5d0042000-7fd5d4000000 ---p 00000000 00:00 0 
7fd5d4000000-7fd5d4021000 rw-p 00000000 00:00 0 
7fd5d4021000-7fd5d8000000 ---p 00000000 00:00 0 
7fd5d8000000-7fd5d8021000 rw-p 00000000 00:00 0 
7fd5d8021000-7fd5dc000000 ---p 00000000 00:00 0 
7fd5dc000000-7fd5dc021000 rw-p 00000000 00:00 0 
7fd5dc021000-7fd5e0000000 ---p 00000000 00:00 0 
7fd5e0000000-7fd5e0021000 rw-p 00000000 00:00 0 
7fd5e0021000-7fd5e4000000 ---p 00000000 00:00 0 
7fd5e4000000-7fd5e5058000 rw-p 00000000 00:00 0 
7fd5e5058000-7fd5e8000000 ---p 00000000 00:00 0 
7fd5e8000000-7fd5e8544000 rw-p 00000000 00:00 0 
7fd5e8544000-7fd5ec000000 ---p 00000000 00:00 0 
7fd5ec000000-7fd5ec021000 rw-p 00000000 00:00 0 
7fd5ec021000-7fd5f0000000 ---p 00000000 00:00 0 
7fd5f0000000-7fd5f0c61000 rw-p 00000000 00:00 0 
7fd5f0c61000-7fd5f4000000 ---p 00000000 00:00 0 
7fd5f4000000-7fd5f4021000 rw-p 00000000 00:00 0 
7fd5f4021000-7fd5f8000000 ---p 00000000 00:00 0 
7fd5f8000000-7fd5f8021000 rw-p 00000000 00:00 0 
7fd5f8021000-7fd5fc000000 ---p 00000000 00:00 0 
7fd5fc000000-7fd5fc05a000 rw-p 00000000 00:00 0 
7fd5fc05a000-7fd600000000 ---p 00000000 00:00 0 
7fd6019ca000-7fd6019ce000 ---p 00000000 00:00 0 
7fd6019ce000-7fd601acb000 rw-p 00000000 00:00 0 
7fd601acb000-7fd601acf000 ---p 00000000 00:00 0 
7fd601acf000-7fd601dcc000 rw-p 00000000 00:00 0 
7fd601dcc000-7fd601fcc000 rw-p 00000000 00:00 0 
7fd601fcc000-7fd601fd0000 ---p 00000000 00:00 0 
7fd601fd0000-7fd6020cd000 rw-p 00000000 00:00 0 
7fd6020cd000-7fd6020d1000 ---p 00000000 00:00 0 
7fd6020d1000-7fd6021ce000 rw-p 00000000 00:00 0 
7fd6021ce000-7fd6021e5000 r-xp 00000000 08:07 660915                     /usr/lib/jvm/java-11-openjdk-amd64/lib/libnet.so
7fd6021e5000-7fd6023e4000 ---p 00017000 08:07 660915                     /usr/lib/jvm/java-11-openjdk-amd64/lib/libnet.so
7fd6023e4000-7fd6023e5000 r--p 00016000 08:07 660915                     /usr/lib/jvm/java-11-openjdk-amd64/lib/libnet.so
7fd6023e5000-7fd6023e6000 rw-p 00017000 08:07 660915                     /usr/lib/jvm/java-11-openjdk-amd64/lib/libnet.so
7fd6023e6000-7fd6023f7000 r-xp 00000000 08:07 660916                     /usr/lib/jvm/java-11-openjdk-amd64/lib/libnio.so
7fd6023f7000-7fd6025f6000 ---p 00011000 08:07 660916                     /usr/lib/jvm/java-11-openjdk-amd64/lib/libnio.so
7fd6025f6000-7fd6025f7000 r--p 00010000 08:07 660916                     /usr/lib/jvm/java-11-openjdk-amd64/lib/libnio.so
7fd6025f7000-7fd6025f8000 rw-p 00011000 08:07 660916                     /usr/lib/jvm/java-11-openjdk-amd64/lib/libnio.so
7fd6025f8000-7fd6025fc000 ---p 00000000 00:00 0 
7fd6025fc000-7fd6026f9000 rw-p 00000000 00:00 0 
7fd6026f9000-7fd6026fa000 ---p 00000000 00:00 0 
7fd6026fa000-7fd6027fb000 rw-p 00000000 00:00 0 
7fd6027fb000-7fd6027ff000 ---p 00000000 00:00 0 
7fd6027ff000-7fd6028fc000 rw-p 00000000 00:00 0 
7fd6028fc000-7fd602900000 ---p 00000000 00:00 0 
7fd602900000-7fd6029fd000 rw-p 00000000 00:00 0 
7fd6029fd000-7fd602a01000 ---p 00000000 00:00 0 
7fd602a01000-7fd602afe000 rw-p 00000000 00:00 0 
7fd602afe000-7fd602b02000 ---p 00000000 00:00 0 
7fd602b02000-7fd602bff000 rw-p 00000000 00:00 0 
7fd602bff000-7fd602c03000 ---p 00000000 00:00 0 
7fd602c03000-7fd602d00000 rw-p 00000000 00:00 0 
7fd602d00000-7fd603800000 r--p 00000000 08:07 663689                     /usr/lib/locale/locale-archive
7fd603800000-7fd604000000 rw-p 00000000 00:00 0 
7fd604000000-7fd604021000 rw-p 00000000 00:00 0 
7fd604021000-7fd608000000 ---p 00000000 00:00 0 
7fd608000000-7fd608021000 rw-p 00000000 00:00 0 
7fd608021000-7fd60c000000 ---p 00000000 00:00 0 
7fd60c000000-7fd60c021000 rw-p 00000000 00:00 0 
7fd60c021000-7fd610000000 ---p 00000000 00:00 0 
7fd610000000-7fd610021000 rw-p 00000000 00:00 0 
7fd610021000-7fd614000000 ---p 00000000 00:00 0 
7fd614000000-7fd614021000 rw-p 00000000 00:00 0 
7fd614021000-7fd618000000 ---p 00000000 00:00 0 
7fd618000000-7fd618021000 rw-p 00000000 00:00 0 
7fd618021000-7fd61c000000 ---p 00000000 00:00 0 
7fd61c000000-7fd61c021000 rw-p 00000000 00:00 0 
7fd61c021000-7fd620000000 ---p 00000000 00:00 0 
7fd620000000-7fd620021000 rw-p 00000000 00:00 0 
7fd620021000-7fd624000000 ---p 00000000 00:00 0 
7fd624000000-7fd624021000 rw-p 00000000 00:00 0 
7fd624021000-7fd628000000 ---p 00000000 00:00 0 
7fd628000000-7fd628021000 rw-p 00000000 00:00 0 
7fd628021000-7fd62c000000 ---p 00000000 00:00 0 
7fd62c000000-7fd62c021000 rw-p 00000000 00:00 0 
7fd62c021000-7fd630000000 ---p 00000000 00:00 0 
7fd63008e000-7fd630092000 ---p 00000000 00:00 0 
7fd630092000-7fd63018f000 rw-p 00000000 00:00 0 
7fd63018f000-7fd630193000 ---p 00000000 00:00 0 
7fd630193000-7fd630290000 rw-p 00000000 00:00 0 
7fd630290000-7fd630294000 ---p 00000000 00:00 0 
7fd630294000-7fd630391000 rw-p 00000000 00:00 0 
7fd630391000-7fd630392000 ---p 00000000 00:00 0 
7fd630392000-7fd630509000 rw-p 00000000 00:00 0 
7fd630509000-7fd63050a000 ---p 00000000 00:00 0 
7fd63050a000-7fd63060b000 rw-p 00000000 00:00 0 
7fd63060b000-7fd63060c000 ---p 00000000 00:00 0 
7fd63060c000-7fd63070d000 rw-p 00000000 00:00 0 
7fd63070d000-7fd63070e000 ---p 00000000 00:00 0 
7fd63070e000-7fd63080f000 rw-p 00000000 00:00 0 
7fd63080f000-7fd630810000 ---p 00000000 00:00 0 
7fd630810000-7fd630911000 rw-p 00000000 00:00 0 
7fd630911000-7fd630912000 ---p 00000000 00:00 0 
7fd630912000-7fd632e6d000 rw-p 00000000 00:00 0 
7fd632e6d000-7fd633b25000 ---p 00000000 00:00 0 
7fd633b25000-7fd633d95000 rwxp 00000000 00:00 0 
7fd633d95000-7fd6340b5000 ---p 00000000 00:00 0 
7fd6340b5000-7fd634365000 rwxp 00000000 00:00 0 
7fd634365000-7fd63b5ed000 ---p 00000000 00:00 0 
7fd63b5ed000-7fd63b85d000 rwxp 00000000 00:00 0 
7fd63b85d000-7fd642b25000 ---p 00000000 00:00 0 
7fd642b25000-7fd64c000000 r--s 00000000 08:07 660925                     /usr/lib/jvm/java-11-openjdk-amd64/lib/modules
7fd64c000000-7fd64c369000 rw-p 00000000 00:00 0 
7fd64c369000-7fd650000000 ---p 00000000 00:00 0 
7fd65000e000-7fd650012000 ---p 00000000 00:00 0 
7fd650012000-7fd65028d000 rw-p 00000000 00:00 0 
7fd65028d000-7fd65028e000 ---p 00000000 00:00 0 
7fd65028e000-7fd65038f000 rw-p 00000000 00:00 0 
7fd65038f000-7fd650390000 ---p 00000000 00:00 0 
7fd650390000-7fd6506e9000 rw-p 00000000 00:00 0 
7fd6506e9000-7fd6513a1000 ---p 00000000 00:00 0 
7fd6513a1000-7fd6513ec000 rw-p 00000000 00:00 0 
7fd6513ec000-7fd651583000 ---p 00000000 00:00 0 
7fd651583000-7fd6515ce000 rw-p 00000000 00:00 0 
7fd6515ce000-7fd651765000 ---p 00000000 00:00 0 
7fd651765000-7fd6517b0000 rw-p 00000000 00:00 0 
7fd6517b0000-7fd651947000 ---p 00000000 00:00 0 
7fd651947000-7fd651d4b000 rw-p 00000000 00:00 0 
7fd651d4b000-7fd651d4c000 ---p 00000000 00:00 0 
7fd651d4c000-7fd651e4d000 rw-p 00000000 00:00 0 
7fd651e4d000-7fd651e4e000 ---p 00000000 00:00 0 
7fd651e4e000-7fd651f4f000 rw-p 00000000 00:00 0 
7fd651f4f000-7fd651f50000 ---p 00000000 00:00 0 
7fd651f50000-7fd652051000 rw-p 00000000 00:00 0 
7fd652051000-7fd652052000 ---p 00000000 00:00 0 
7fd652052000-7fd652158000 rw-p 00000000 00:00 0 
7fd652158000-7fd65223e000 ---p 00000000 00:00 0 
7fd65223e000-7fd652244000 rw-p 00000000 00:00 0 
7fd652244000-7fd652329000 ---p 00000000 00:00 0 
7fd652329000-7fd65232e000 r-xp 00000000 08:07 660906                     /usr/lib/jvm/java-11-openjdk-amd64/lib/libjimage.so
7fd65232e000-7fd65252d000 ---p 00005000 08:07 660906                     /usr/lib/jvm/java-11-openjdk-amd64/lib/libjimage.so
7fd65252d000-7fd65252e000 r--p 00004000 08:07 660906                     /usr/lib/jvm/java-11-openjdk-amd64/lib/libjimage.so
7fd65252e000-7fd65252f000 rw-p 00005000 08:07 660906                     /usr/lib/jvm/java-11-openjdk-amd64/lib/libjimage.so
7fd65252f000-7fd652536000 r-xp 00000000 08:07 660924                     /usr/lib/jvm/java-11-openjdk-amd64/lib/libzip.so
7fd652536000-7fd652735000 ---p 00007000 08:07 660924                     /usr/lib/jvm/java-11-openjdk-amd64/lib/libzip.so
7fd652735000-7fd652736000 r--p 00006000 08:07 660924                     /usr/lib/jvm/java-11-openjdk-amd64/lib/libzip.so
7fd652736000-7fd652737000 rw-p 00007000 08:07 660924                     /usr/lib/jvm/java-11-openjdk-amd64/lib/libzip.so
7fd652737000-7fd652742000 r-xp 00000000 08:07 1450471                    /lib/x86_64-linux-gnu/libnss_files-2.27.so
7fd652742000-7fd652941000 ---p 0000b000 08:07 1450471                    /lib/x86_64-linux-gnu/libnss_files-2.27.so
7fd652941000-7fd652942000 r--p 0000a000 08:07 1450471                    /lib/x86_64-linux-gnu/libnss_files-2.27.so
7fd652942000-7fd652943000 rw-p 0000b000 08:07 1450471                    /lib/x86_64-linux-gnu/libnss_files-2.27.so
7fd652943000-7fd652949000 rw-p 00000000 00:00 0 
7fd652949000-7fd652960000 r-xp 00000000 08:07 1450465                    /lib/x86_64-linux-gnu/libnsl-2.27.so
7fd652960000-7fd652b5f000 ---p 00017000 08:07 1450465                    /lib/x86_64-linux-gnu/libnsl-2.27.so
7fd652b5f000-7fd652b60000 r--p 00016000 08:07 1450465                    /lib/x86_64-linux-gnu/libnsl-2.27.so
7fd652b60000-7fd652b61000 rw-p 00017000 08:07 1450465                    /lib/x86_64-linux-gnu/libnsl-2.27.so
7fd652b61000-7fd652b63000 rw-p 00000000 00:00 0 
7fd652b63000-7fd652b6e000 r-xp 00000000 08:07 1450482                    /lib/x86_64-linux-gnu/libnss_nis-2.27.so
7fd652b6e000-7fd652d6d000 ---p 0000b000 08:07 1450482                    /lib/x86_64-linux-gnu/libnss_nis-2.27.so
7fd652d6d000-7fd652d6e000 r--p 0000a000 08:07 1450482                    /lib/x86_64-linux-gnu/libnss_nis-2.27.so
7fd652d6e000-7fd652d6f000 rw-p 0000b000 08:07 1450482                    /lib/x86_64-linux-gnu/libnss_nis-2.27.so
7fd652d6f000-7fd652d77000 r-xp 00000000 08:07 1450467                    /lib/x86_64-linux-gnu/libnss_compat-2.27.so
7fd652d77000-7fd652f77000 ---p 00008000 08:07 1450467                    /lib/x86_64-linux-gnu/libnss_compat-2.27.so
7fd652f77000-7fd652f78000 r--p 00008000 08:07 1450467                    /lib/x86_64-linux-gnu/libnss_compat-2.27.so
7fd652f78000-7fd652f79000 rw-p 00009000 08:07 1450467                    /lib/x86_64-linux-gnu/libnss_compat-2.27.so
7fd652f79000-7fd652fa5000 r-xp 00000000 08:07 660902                     /usr/lib/jvm/java-11-openjdk-amd64/lib/libjava.so
7fd652fa5000-7fd6531a4000 ---p 0002c000 08:07 660902                     /usr/lib/jvm/java-11-openjdk-amd64/lib/libjava.so
7fd6531a4000-7fd6531a5000 r--p 0002b000 08:07 660902                     /usr/lib/jvm/java-11-openjdk-amd64/lib/libjava.so
7fd6531a5000-7fd6531a7000 rw-p 0002c000 08:07 660902                     /usr/lib/jvm/java-11-openjdk-amd64/lib/libjava.so
7fd6531a7000-7fd6531b4000 r-xp 00000000 08:07 660923                     /usr/lib/jvm/java-11-openjdk-amd64/lib/libverify.so
7fd6531b4000-7fd6533b3000 ---p 0000d000 08:07 660923                     /usr/lib/jvm/java-11-openjdk-amd64/lib/libverify.so
7fd6533b3000-7fd6533b5000 r--p 0000c000 08:07 660923                     /usr/lib/jvm/java-11-openjdk-amd64/lib/libverify.so
7fd6533b5000-7fd6533b6000 rw-p 0000e000 08:07 660923                     /usr/lib/jvm/java-11-openjdk-amd64/lib/libverify.so
7fd6533b6000-7fd6533bd000 r-xp 00000000 08:07 1450522                    /lib/x86_64-linux-gnu/librt-2.27.so
7fd6533bd000-7fd6535bc000 ---p 00007000 08:07 1450522                    /lib/x86_64-linux-gnu/librt-2.27.so
7fd6535bc000-7fd6535bd000 r--p 00006000 08:07 1450522                    /lib/x86_64-linux-gnu/librt-2.27.so
7fd6535bd000-7fd6535be000 rw-p 00007000 08:07 1450522                    /lib/x86_64-linux-gnu/librt-2.27.so
7fd6535be000-7fd6535d5000 r-xp 00000000 08:07 1450206                    /lib/x86_64-linux-gnu/libgcc_s.so.1
7fd6535d5000-7fd6537d4000 ---p 00017000 08:07 1450206                    /lib/x86_64-linux-gnu/libgcc_s.so.1
7fd6537d4000-7fd6537d5000 r--p 00016000 08:07 1450206                    /lib/x86_64-linux-gnu/libgcc_s.so.1
7fd6537d5000-7fd6537d6000 rw-p 00017000 08:07 1450206                    /lib/x86_64-linux-gnu/libgcc_s.so.1
7fd6537d6000-7fd653973000 r-xp 00000000 08:07 1450444                    /lib/x86_64-linux-gnu/libm-2.27.so
7fd653973000-7fd653b72000 ---p 0019d000 08:07 1450444                    /lib/x86_64-linux-gnu/libm-2.27.so
7fd653b72000-7fd653b73000 r--p 0019c000 08:07 1450444                    /lib/x86_64-linux-gnu/libm-2.27.so
7fd653b73000-7fd653b74000 rw-p 0019d000 08:07 1450444                    /lib/x86_64-linux-gnu/libm-2.27.so
7fd653b74000-7fd653ced000 r-xp 00000000 08:07 656734                     /usr/lib/x86_64-linux-gnu/libstdc++.so.6.0.25
7fd653ced000-7fd653eed000 ---p 00179000 08:07 656734                     /usr/lib/x86_64-linux-gnu/libstdc++.so.6.0.25
7fd653eed000-7fd653ef7000 r--p 00179000 08:07 656734                     /usr/lib/x86_64-linux-gnu/libstdc++.so.6.0.25
7fd653ef7000-7fd653ef9000 rw-p 00183000 08:07 656734                     /usr/lib/x86_64-linux-gnu/libstdc++.so.6.0.25
7fd653ef9000-7fd653efd000 rw-p 00000000 00:00 0 
7fd653efd000-7fd654e9a000 r-xp 00000000 08:07 660928                     /usr/lib/jvm/java-11-openjdk-amd64/lib/server/libjvm.so
7fd654e9a000-7fd65509a000 ---p 00f9d000 08:07 660928                     /usr/lib/jvm/java-11-openjdk-amd64/lib/server/libjvm.so
7fd65509a000-7fd65515e000 r--p 00f9d000 08:07 660928                     /usr/lib/jvm/java-11-openjdk-amd64/lib/server/libjvm.so
7fd65515e000-7fd655196000 rw-p 01061000 08:07 660928                     /usr/lib/jvm/java-11-openjdk-amd64/lib/server/libjvm.so
7fd655196000-7fd6551df000 rw-p 00000000 00:00 0 
7fd6551df000-7fd6551f9000 r-xp 00000000 08:07 1450514                    /lib/x86_64-linux-gnu/libpthread-2.27.so
7fd6551f9000-7fd6553f8000 ---p 0001a000 08:07 1450514                    /lib/x86_64-linux-gnu/libpthread-2.27.so
7fd6553f8000-7fd6553f9000 r--p 00019000 08:07 1450514                    /lib/x86_64-linux-gnu/libpthread-2.27.so
7fd6553f9000-7fd6553fa000 rw-p 0001a000 08:07 1450514                    /lib/x86_64-linux-gnu/libpthread-2.27.so
7fd6553fa000-7fd6553fe000 rw-p 00000000 00:00 0 
7fd6553fe000-7fd655401000 r-xp 00000000 08:07 1450404                    /lib/x86_64-linux-gnu/libdl-2.27.so
7fd655401000-7fd655600000 ---p 00003000 08:07 1450404                    /lib/x86_64-linux-gnu/libdl-2.27.so
7fd655600000-7fd655601000 r--p 00002000 08:07 1450404                    /lib/x86_64-linux-gnu/libdl-2.27.so
7fd655601000-7fd655602000 rw-p 00003000 08:07 1450404                    /lib/x86_64-linux-gnu/libdl-2.27.so
7fd655602000-7fd65561e000 r-xp 00000000 08:07 1450553                    /lib/x86_64-linux-gnu/libz.so.1.2.11
7fd65561e000-7fd65581d000 ---p 0001c000 08:07 1450553                    /lib/x86_64-linux-gnu/libz.so.1.2.11
7fd65581d000-7fd65581e000 r--p 0001b000 08:07 1450553                    /lib/x86_64-linux-gnu/libz.so.1.2.11
7fd65581e000-7fd65581f000 rw-p 0001c000 08:07 1450553                    /lib/x86_64-linux-gnu/libz.so.1.2.11
7fd65581f000-7fd655a06000 r-xp 00000000 08:07 1450381                    /lib/x86_64-linux-gnu/libc-2.27.so
7fd655a06000-7fd655c06000 ---p 001e7000 08:07 1450381                    /lib/x86_64-linux-gnu/libc-2.27.so
7fd655c06000-7fd655c0a000 r--p 001e7000 08:07 1450381                    /lib/x86_64-linux-gnu/libc-2.27.so
7fd655c0a000-7fd655c0c000 rw-p 001eb000 08:07 1450381                    /lib/x86_64-linux-gnu/libc-2.27.so
7fd655c0c000-7fd655c10000 rw-p 00000000 00:00 0 
7fd655c10000-7fd655c1f000 r-xp 00000000 08:07 660887                     /usr/lib/jvm/java-11-openjdk-amd64/lib/jli/libjli.so
7fd655c1f000-7fd655e1e000 ---p 0000f000 08:07 660887                     /usr/lib/jvm/java-11-openjdk-amd64/lib/jli/libjli.so
7fd655e1e000-7fd655e1f000 r--p 0000e000 08:07 660887                     /usr/lib/jvm/java-11-openjdk-amd64/lib/jli/libjli.so
7fd655e1f000-7fd655e20000 rw-p 0000f000 08:07 660887                     /usr/lib/jvm/java-11-openjdk-amd64/lib/jli/libjli.so
7fd655e20000-7fd655e47000 r-xp 00000000 08:07 1450353                    /lib/x86_64-linux-gnu/ld-2.27.so
7fd655e47000-7fd655e6c000 r--p 00000000 08:07 930658                     /usr/share/locale-langpack/pl/LC_MESSAGES/libc.mo
7fd655e6c000-7fd655f28000 rw-p 00000000 00:00 0 
7fd655f28000-7fd655f2f000 ---p 00000000 00:00 0 
7fd655f2f000-7fd655f33000 ---p 00000000 00:00 0 
7fd655f33000-7fd656032000 rw-p 00000000 00:00 0 
7fd656033000-7fd65603a000 r--s 00000000 08:07 793356                     /usr/lib/x86_64-linux-gnu/gconv/gconv-modules.cache
7fd65603a000-7fd65603b000 rw-p 00000000 00:00 0 
7fd65603b000-7fd656043000 rw-s 00000000 08:07 1708210                    /tmp/hsperfdata_lukasz/6197
7fd656043000-7fd656044000 ---p 00000000 00:00 0 
7fd656044000-7fd656045000 r--p 00000000 00:00 0 
7fd656045000-7fd656047000 rw-p 00000000 00:00 0 
7fd656047000-7fd656048000 r--p 00027000 08:07 1450353                    /lib/x86_64-linux-gnu/ld-2.27.so
7fd656048000-7fd656049000 rw-p 00028000 08:07 1450353                    /lib/x86_64-linux-gnu/ld-2.27.so
7fd656049000-7fd65604a000 rw-p 00000000 00:00 0 
7ffcecf32000-7ffcecf53000 rw-p 00000000 00:00 0                          [stack]
7ffcecf68000-7ffcecf6b000 r--p 00000000 00:00 0                          [vvar]
7ffcecf6b000-7ffcecf6d000 r-xp 00000000 00:00 0                          [vdso]
ffffffffff600000-ffffffffff601000 r-xp 00000000 00:00 0                  [vsyscall]


VM Arguments:
jvm_args: -Dapplication.basedir=/home/lukasz/Pulpit/Projekty/java-koans/koans 
java_command: com.sandwich.koan.runner.AppLauncher
java_class_path (initial): /home/lukasz/Pulpit/Projekty/java-koans/koans/app/bin:/home/lukasz/Pulpit/Projekty/java-koans/koans/app/config/:/home/lukasz/Pulpit/Projekty/java-koans/koans/app/lib/koans.jar
Launcher Type: SUN_STANDARD

Logging:
Log output configuration:
#0: stdout all=warning uptime,level,tags
#1: stderr all=off uptime,level,tags

Environment Variables:
PATH=/usr/local/sbin:/usr/local/bin:/usr/sbin:/usr/bin:/sbin:/bin:/usr/games:/usr/local/games:/snap/bin
USERNAME=lukasz
SHELL=/bin/bash
DISPLAY=:0

Signal Handlers:
SIGSEGV: [libjvm.so+0xd28b70], sa_mask[0]=11111111011111111101111111111110, sa_flags=SA_RESTART|SA_SIGINFO
SIGBUS: [libjvm.so+0xd28b70], sa_mask[0]=11111111011111111101111111111110, sa_flags=SA_RESTART|SA_SIGINFO
SIGFPE: [libjvm.so+0xd28b70], sa_mask[0]=11111111011111111101111111111110, sa_flags=SA_RESTART|SA_SIGINFO
SIGPIPE: [libjvm.so+0xb2a1f0], sa_mask[0]=11111111011111111101111111111110, sa_flags=SA_RESTART|SA_SIGINFO
SIGXFSZ: [libjvm.so+0xb2a1f0], sa_mask[0]=11111111011111111101111111111110, sa_flags=SA_RESTART|SA_SIGINFO
SIGILL: [libjvm.so+0xd28b70], sa_mask[0]=11111111011111111101111111111110, sa_flags=SA_RESTART|SA_SIGINFO
SIGUSR2: [libjvm.so+0xb2a030], sa_mask[0]=00000000000000000000000000000000, sa_flags=SA_RESTART|SA_SIGINFO
SIGHUP: [libjvm.so+0xb2a180], sa_mask[0]=11111111011111111101111111111110, sa_flags=SA_RESTART|SA_SIGINFO
SIGINT: [libjvm.so+0xb2a180], sa_mask[0]=11111111011111111101111111111110, sa_flags=SA_RESTART|SA_SIGINFO
SIGTERM: [libjvm.so+0xb2a180], sa_mask[0]=11111111011111111101111111111110, sa_flags=SA_RESTART|SA_SIGINFO
SIGQUIT: [libjvm.so+0xb2a180], sa_mask[0]=11111111011111111101111111111110, sa_flags=SA_RESTART|SA_SIGINFO


---------------  S Y S T E M  ---------------

OS:DISTRIB_ID=Ubuntu
DISTRIB_RELEASE=18.04
DISTRIB_CODENAME=bionic
DISTRIB_DESCRIPTION="Ubuntu 18.04.1 LTS"
uname:Linux 4.15.0-39-generic #42-Ubuntu SMP Tue Oct 23 15:48:01 UTC 2018 x86_64
libc:glibc 2.27 NPTL 2.27 
rlimit: STACK 8192k, CORE 0k, NPROC 15163, NOFILE 4096, AS infinity, DATA infinity, FSIZE infinity
load average:20,40 11,46 5,78

/proc/meminfo:
MemTotal:        3942324 kB
MemFree:          113732 kB
MemAvailable:      45092 kB
Buffers:            3736 kB
Cached:           783612 kB
SwapCached:         3980 kB
Active:          2926104 kB
Inactive:         611648 kB
Active(anon):    2899352 kB
Inactive(anon):   581600 kB
Active(file):      26752 kB
Inactive(file):    30048 kB
Unevictable:          92 kB
Mlocked:              92 kB
SwapTotal:       1808224 kB
SwapFree:            668 kB
Dirty:               248 kB
Writeback:          1488 kB
AnonPages:       2747572 kB
Mapped:           298180 kB
Shmem:            730440 kB
Slab:             111104 kB
SReclaimable:      42324 kB
SUnreclaim:        68780 kB
KernelStack:       16288 kB
PageTables:        81616 kB
NFS_Unstable:          0 kB
Bounce:                0 kB
WritebackTmp:          0 kB
CommitLimit:     3779384 kB
Committed_AS:   14257304 kB
VmallocTotal:   34359738367 kB
VmallocUsed:           0 kB
VmallocChunk:          0 kB
HardwareCorrupted:     0 kB
AnonHugePages:         0 kB
ShmemHugePages:        0 kB
ShmemPmdMapped:        0 kB
CmaTotal:              0 kB
CmaFree:               0 kB
HugePages_Total:       0
HugePages_Free:        0
HugePages_Rsvd:        0
HugePages_Surp:        0
Hugepagesize:       2048 kB
DirectMap4k:      265112 kB
DirectMap2M:     3831808 kB
DirectMap1G:           0 kB

container (cgroup) information:
container_type: cgroupv1
cpu_cpuset_cpus: 0-3
cpu_memory_nodes: 0
active_processor_count: 4
cpu_quota: -1
cpu_period: 100000
cpu_shares: -1
memory_limit_in_bytes: -1
memory_and_swap_limit_in_bytes: -2
memory_soft_limit_in_bytes: -1
memory_usage_in_bytes: 3626283008
memory_max_usage_in_bytes: 0


CPU:total 4 (initial active 4) (2 cores per cpu, 2 threads per core) family 6 model 61 stepping 4, cmov, cx8, fxsr, mmx, sse, sse2, sse3, ssse3, sse4.1, sse4.2, popcnt, avx, avx2, aes, clmul, erms, 3dnowpref, lzcnt, ht, tsc, tscinvbit, bmi1, bmi2, adx, fma
CPU Model and flags from /proc/cpuinfo:
model name	: Intel(R) Core(TM) i3-5010U CPU @ 2.10GHz
flags		: fpu vme de pse tsc msr pae mce cx8 apic sep mtrr pge mca cmov pat pse36 clflush dts acpi mmx fxsr sse sse2 ss ht tm pbe syscall nx pdpe1gb rdtscp lm constant_tsc arch_perfmon pebs bts rep_good nopl xtopology nonstop_tsc cpuid aperfmperf pni pclmulqdq dtes64 monitor ds_cpl vmx est tm2 ssse3 sdbg fma cx16 xtpr pdcm pcid sse4_1 sse4_2 x2apic movbe popcnt tsc_deadline_timer aes xsave avx f16c rdrand lahf_lm abm 3dnowprefetch cpuid_fault epb invpcid_single pti ssbd ibrs ibpb stibp tpr_shadow vnmi flexpriority ept vpid fsgsbase tsc_adjust bmi1 avx2 smep bmi2 erms invpcid rdseed adx smap intel_pt xsaveopt dtherm arat pln pts flush_l1d

Memory: 4k page, physical 3942324k(109928k free), swap 1808224k(676k free)

vm_info: OpenJDK 64-Bit Server VM (10.0.2+13-Ubuntu-1ubuntu0.18.04.4) for linux-amd64 JRE (10.0.2+13-Ubuntu-1ubuntu0.18.04.4), built on Nov 13 2018 12:53:39 by "buildd" with gcc 7.3.0

END.
