#
# There is insufficient memory for the Java Runtime Environment to continue.
# Native memory allocation (mmap) failed to map 325058560 bytes for committing reserved memory.
# Possible reasons:
#   The system is out of physical RAM or swap space
#   The process is running with CompressedOops enabled, and the Java Heap may be blocking the growth of the native heap
# Possible solutions:
#   Reduce memory load on the system
#   Increase physical memory or swap space
#   Check if swap backing store is full
#   Decrease Java heap size (-Xmx/-Xms)
#   Decrease number of Java threads
#   Decrease Java thread stack sizes (-Xss)
#   Set larger code cache with -XX:ReservedCodeCacheSize=
#   JVM is running with Unscaled Compressed Oops mode in which the Java heap is
#     placed in the first 4GB address space. The Java Heap base address is the
#     maximum limit for the native heap growth. Please use -XX:HeapBaseMinAddress
#     to set the Java Heap base and to place the Java Heap above 4GB virtual address.
# This output file may be truncated or incomplete.
#
#  Out of Memory Error (os_linux.cpp:2706), pid=13070, tid=13083
#
# JRE version: OpenJDK Runtime Environment (10.0.2+13) (build 10.0.2+13-Ubuntu-1ubuntu0.18.04.4)
# Java VM: OpenJDK 64-Bit Server VM (10.0.2+13-Ubuntu-1ubuntu0.18.04.4, mixed mode, tiered, compressed oops, g1 gc, linux-amd64)
# Core dump will be written. Default location: Core dumps may be processed with "/usr/share/apport/apport %p %s %c %d %P" (or dumping to /home/lukasz/Pulpit/Projekty/java-koans/koans/core.13070)
#

---------------  S U M M A R Y ------------

Command Line: -Dapplication.basedir=/home/lukasz/Pulpit/Projekty/java-koans/koans com.sandwich.koan.runner.AppLauncher

Host: Intel(R) Core(TM) i3-5010U CPU @ 2.10GHz, 4 cores, 3G, Ubuntu 18.04.1 LTS
Time: Wed Nov 28 19:54:00 2018 CET elapsed time: 9651 seconds (0d 2h 40m 51s)

---------------  T H R E A D  ---------------

Current thread (0x00007fac300e0000):  VMThread "VM Thread" [stack: 0x00007fac1406a000,0x00007fac1416a000] [id=13083]

Stack: [0x00007fac1406a000,0x00007fac1416a000],  sp=0x00007fac141680a0,  free space=1016k
Native frames: (J=compiled Java code, A=aot compiled Java code, j=interpreted, Vv=VM code, C=native code)
V  [libjvm.so+0xd27ea4]
V  [libjvm.so+0xd28a4b]
V  [libjvm.so+0x64d415]
V  [libjvm.so+0xb2d7c8]
V  [libjvm.so+0xb2601d]
V  [libjvm.so+0x7662ff]
V  [libjvm.so+0x76653e]
V  [libjvm.so+0x769500]
V  [libjvm.so+0x7efa1c]
V  [libjvm.so+0x7f06df]
V  [libjvm.so+0x7f0b59]
V  [libjvm.so+0x7162cf]
V  [libjvm.so+0x71a3ba]
V  [libjvm.so+0xd3a008]
V  [libjvm.so+0xd38871]
V  [libjvm.so+0xd35b3b]
V  [libjvm.so+0xd3715e]
V  [libjvm.so+0xd37588]
V  [libjvm.so+0xb33d40]

VM_Operation (0x00007fabbbce54e0): G1IncCollectionPause, mode: safepoint, requested by thread 0x00007fac302b4800


---------------  P R O C E S S  ---------------

Threads class SMR info:
_java_thread_list=0x00007fac3034cce0, length=12, elements={
0x00007fac300ea000, 0x00007fac300ec000, 0x00007fac300f5000, 0x00007fac300ff800,
0x00007fac30101800, 0x00007fac30103800, 0x00007fac30105800, 0x00007fac3018a000,
0x00007fac301a3000, 0x00007fac302ae800, 0x00007fac302b4800, 0x00007fac30011800
}

Java Threads: ( => current thread )
  0x00007fac300ea000 JavaThread "Reference Handler" daemon [_thread_blocked, id=13084, stack(0x00007fabfd6ff000,0x00007fabfd800000)]
  0x00007fac300ec000 JavaThread "Finalizer" daemon [_thread_blocked, id=13085, stack(0x00007fabfd5fe000,0x00007fabfd6ff000)]
  0x00007fac300f5000 JavaThread "Signal Dispatcher" daemon [_thread_blocked, id=13086, stack(0x00007fabfc9fd000,0x00007fabfcafe000)]
  0x00007fac300ff800 JavaThread "C2 CompilerThread0" daemon [_thread_blocked, id=13087, stack(0x00007fabfc8fc000,0x00007fabfc9fd000)]
  0x00007fac30101800 JavaThread "C2 CompilerThread1" daemon [_thread_blocked, id=13088, stack(0x00007fabfc7fb000,0x00007fabfc8fc000)]
  0x00007fac30103800 JavaThread "C1 CompilerThread2" daemon [_thread_blocked, id=13089, stack(0x00007fabfc6fa000,0x00007fabfc7fb000)]
  0x00007fac30105800 JavaThread "Sweeper thread" daemon [_thread_blocked, id=13090, stack(0x00007fabfc5f9000,0x00007fabfc6fa000)]
  0x00007fac3018a000 JavaThread "Service Thread" daemon [_thread_blocked, id=13091, stack(0x00007fabfc4f8000,0x00007fabfc5f9000)]
  0x00007fac301a3000 JavaThread "Common-Cleaner" daemon [_thread_blocked, id=13093, stack(0x00007fabfc2f5000,0x00007fabfc3f6000)]
  0x00007fac302ae800 JavaThread "Thread-0" [_thread_in_native, id=13094, stack(0x00007fabbbce7000,0x00007fabbbde8000)]
  0x00007fac302b4800 JavaThread "FileMonitorPolling" [_thread_blocked, id=13095, stack(0x00007fabbbbe6000,0x00007fabbbce7000)]
  0x00007fac30011800 JavaThread "DestroyJavaVM" [_thread_blocked, id=13071, stack(0x00007fac37be0000,0x00007fac37ce1000)]

Other Threads:
=>0x00007fac300e0000 VMThread "VM Thread" [stack: 0x00007fac1406a000,0x00007fac1416a000] [id=13083]
  0x00007fac3018c000 WatcherThread [stack: 0x00007fabfc3f8000,0x00007fabfc4f8000] [id=13092]
  0x00007fac30028800 GCTaskThread "GC Thread#0" [stack: 0x00007fac1781f000,0x00007fac1791f000] [id=13072]
  0x00007fac30029800 GCTaskThread "GC Thread#1" [stack: 0x00007fac1771d000,0x00007fac1781d000] [id=13073]
  0x00007fac3002b800 GCTaskThread "GC Thread#2" [stack: 0x00007fac1761b000,0x00007fac1771b000] [id=13074]
  0x00007fac3002d000 GCTaskThread "GC Thread#3" [stack: 0x00007fac17519000,0x00007fac17619000] [id=13075]
  0x00007fac30044000 ConcurrentGCThread "G1 Main Marker" [stack: 0x00007fac14c4d000,0x00007fac14d4d000] [id=13076]
  0x00007fac30046000 ConcurrentGCThread "G1 Conc#0" [stack: 0x00007fac14b4b000,0x00007fac14c4b000] [id=13077]
  0x00007fac30079000 ConcurrentGCThread "G1 Refine#0" [stack: 0x00007fac14645000,0x00007fac14745000] [id=13078]
  0x00007fac3007b000 ConcurrentGCThread "G1 Refine#1" [stack: 0x00007fac14543000,0x00007fac14643000] [id=13079]
  0x00007fac3007c800 ConcurrentGCThread "G1 Refine#2" [stack: 0x00007fac14441000,0x00007fac14541000] [id=13080]
  0x00007fac3007e800 ConcurrentGCThread "G1 Refine#3" [stack: 0x00007fac1433f000,0x00007fac1443f000] [id=13081]
  0x00007fac30080000 ConcurrentGCThread "G1 Young RemSet Sampling" [stack: 0x00007fac1423d000,0x00007fac1433d000] [id=13082]

Threads with active compile tasks:

VM state:at safepoint (normal execution)

VM Mutex/Monitor currently owned by a thread:  ([mutex/lock_event])
[0x00007fac3000e180] Threads_lock - owner thread: 0x00007fac300e0000
[0x00007fac3000e720] Heap_lock - owner thread: 0x00007fac302b4800

Heap address: 0x00000000c3c00000, size: 964 MB, Compressed Oops mode: 32-bit
Narrow klass base: 0x0000000000000000, Narrow klass shift: 3
Compressed class space size: 1073741824 Address: 0x0000000100000000

Heap:
 garbage-first heap   total 513024K, used 2429K [0x00000000c3c00000, 0x0000000100000000)
  region size 1024K, 1 young (1024K), 1 survivors (1024K)
 Metaspace       used 11893K, capacity 12245K, committed 12544K, reserved 1060864K
  class space    used 1089K, capacity 1231K, committed 1280K, reserved 1048576K
Heap Regions: E=young(eden), S=young(survivor), O=old, HS=humongous(starts), HC=humongous(continues), CS=collection set, F=free, A=archive, TS=gc time stamp, AC=allocation context, TAMS=top-at-mark-start (previous, next)
|   0|0x00000000c3c00000, 0x00000000c3d00000, 0x00000000c3d00000|100%| O|  |TS 16|AC  0|TAMS 0x00000000c3c00000, 0x00000000c3c00000|
|   1|0x00000000c3d00000, 0x00000000c3e00000, 0x00000000c3e00000|100%| O|  |TS 16|AC  0|TAMS 0x00000000c3d00000, 0x00000000c3d00000|
|   2|0x00000000c3e00000, 0x00000000c3e5a400, 0x00000000c3f00000| 35%| O|  |TS676|AC  0|TAMS 0x00000000c3e00000, 0x00000000c3e00000|
|   3|0x00000000c3f00000, 0x00000000c3f00000, 0x00000000c4000000|  0%| F|  |TS  0|AC  0|TAMS 0x00000000c3f00000, 0x00000000c3f00000|
|   4|0x00000000c4000000, 0x00000000c4000000, 0x00000000c4100000|  0%| F|  |TS  0|AC  0|TAMS 0x00000000c4000000, 0x00000000c4000000|
|   5|0x00000000c4100000, 0x00000000c4100000, 0x00000000c4200000|  0%| F|  |TS  0|AC  0|TAMS 0x00000000c4100000, 0x00000000c4100000|
|   6|0x00000000c4200000, 0x00000000c4200000, 0x00000000c4300000|  0%| F|  |TS  0|AC  0|TAMS 0x00000000c4200000, 0x00000000c4200000|
|   7|0x00000000c4300000, 0x00000000c4300000, 0x00000000c4400000|  0%| F|  |TS  0|AC  0|TAMS 0x00000000c4300000, 0x00000000c4300000|
|   8|0x00000000c4400000, 0x00000000c4400000, 0x00000000c4500000|  0%| F|  |TS  0|AC  0|TAMS 0x00000000c4400000, 0x00000000c4400000|
|   9|0x00000000c4500000, 0x00000000c4500000, 0x00000000c4600000|  0%| F|  |TS  0|AC  0|TAMS 0x00000000c4500000, 0x00000000c4500000|
|  10|0x00000000c4600000, 0x00000000c4600000, 0x00000000c4700000|  0%| F|  |TS  0|AC  0|TAMS 0x00000000c4600000, 0x00000000c4600000|
|  11|0x00000000c4700000, 0x00000000c4700000, 0x00000000c4800000|  0%| F|  |TS  0|AC  0|TAMS 0x00000000c4700000, 0x00000000c4700000|
|  12|0x00000000c4800000, 0x00000000c4800000, 0x00000000c4900000|  0%| F|  |TS  0|AC  0|TAMS 0x00000000c4800000, 0x00000000c4800000|
|  13|0x00000000c4900000, 0x00000000c4900000, 0x00000000c4a00000|  0%| F|  |TS  0|AC  0|TAMS 0x00000000c4900000, 0x00000000c4900000|
|  14|0x00000000c4a00000, 0x00000000c4a00000, 0x00000000c4b00000|  0%| F|  |TS  0|AC  0|TAMS 0x00000000c4a00000, 0x00000000c4a00000|
|  15|0x00000000c4b00000, 0x00000000c4b00000, 0x00000000c4c00000|  0%| F|  |TS  0|AC  0|TAMS 0x00000000c4b00000, 0x00000000c4b00000|
|  16|0x00000000c4c00000, 0x00000000c4c00000, 0x00000000c4d00000|  0%| F|  |TS  0|AC  0|TAMS 0x00000000c4c00000, 0x00000000c4c00000|
|  17|0x00000000c4d00000, 0x00000000c4d00000, 0x00000000c4e00000|  0%| F|  |TS  0|AC  0|TAMS 0x00000000c4d00000, 0x00000000c4d00000|
|  18|0x00000000c4e00000, 0x00000000c4e00000, 0x00000000c4f00000|  0%| F|  |TS  0|AC  0|TAMS 0x00000000c4e00000, 0x00000000c4e00000|
|  19|0x00000000c4f00000, 0x00000000c4f00000, 0x00000000c5000000|  0%| F|  |TS  0|AC  0|TAMS 0x00000000c4f00000, 0x00000000c4f00000|
|  20|0x00000000c5000000, 0x00000000c5000000, 0x00000000c5100000|  0%| F|  |TS  0|AC  0|TAMS 0x00000000c5000000, 0x00000000c5000000|
|  21|0x00000000c5100000, 0x00000000c5100000, 0x00000000c5200000|  0%| F|  |TS  0|AC  0|TAMS 0x00000000c5100000, 0x00000000c5100000|
|  22|0x00000000c5200000, 0x00000000c5200000, 0x00000000c5300000|  0%| F|  |TS 15|AC  0|TAMS 0x00000000c5200000, 0x00000000c5200000|
|  23|0x00000000c5300000, 0x00000000c5300000, 0x00000000c5400000|  0%| F|  |TS 15|AC  0|TAMS 0x00000000c5300000, 0x00000000c5300000|
|  24|0x00000000c5400000, 0x00000000c5400000, 0x00000000c5500000|  0%| F|  |TS641|AC  0|TAMS 0x00000000c5400000, 0x00000000c5400000|
|  25|0x00000000c5500000, 0x00000000c5500000, 0x00000000c5600000|  0%| F|  |TS640|AC  0|TAMS 0x00000000c5500000, 0x00000000c5500000|
|  26|0x00000000c5600000, 0x00000000c5600000, 0x00000000c5700000|  0%| F|  |TS640|AC  0|TAMS 0x00000000c5600000, 0x00000000c5600000|
|  27|0x00000000c5700000, 0x00000000c5700000, 0x00000000c5800000|  0%| F|  |TS640|AC  0|TAMS 0x00000000c5700000, 0x00000000c5700000|
|  28|0x00000000c5800000, 0x00000000c5800000, 0x00000000c5900000|  0%| F|  |TS640|AC  0|TAMS 0x00000000c5800000, 0x00000000c5800000|
|  29|0x00000000c5900000, 0x00000000c5900000, 0x00000000c5a00000|  0%| F|  |TS640|AC  0|TAMS 0x00000000c5900000, 0x00000000c5900000|
|  30|0x00000000c5a00000, 0x00000000c5a00000, 0x00000000c5b00000|  0%| F|  |TS640|AC  0|TAMS 0x00000000c5a00000, 0x00000000c5a00000|
|  31|0x00000000c5b00000, 0x00000000c5b00000, 0x00000000c5c00000|  0%| F|  |TS640|AC  0|TAMS 0x00000000c5b00000, 0x00000000c5b00000|
|  32|0x00000000c5c00000, 0x00000000c5c00000, 0x00000000c5d00000|  0%| F|  |TS640|AC  0|TAMS 0x00000000c5c00000, 0x00000000c5c00000|
|  33|0x00000000c5d00000, 0x00000000c5d00000, 0x00000000c5e00000|  0%| F|  |TS640|AC  0|TAMS 0x00000000c5d00000, 0x00000000c5d00000|
|  34|0x00000000c5e00000, 0x00000000c5e00000, 0x00000000c5f00000|  0%| F|  |TS640|AC  0|TAMS 0x00000000c5e00000, 0x00000000c5e00000|
|  35|0x00000000c5f00000, 0x00000000c5f00000, 0x00000000c6000000|  0%| F|  |TS640|AC  0|TAMS 0x00000000c5f00000, 0x00000000c5f00000|
|  36|0x00000000c6000000, 0x00000000c6000000, 0x00000000c6100000|  0%| F|  |TS640|AC  0|TAMS 0x00000000c6000000, 0x00000000c6000000|
|  37|0x00000000c6100000, 0x00000000c6100000, 0x00000000c6200000|  0%| F|  |TS640|AC  0|TAMS 0x00000000c6100000, 0x00000000c6100000|
|  38|0x00000000c6200000, 0x00000000c6200000, 0x00000000c6300000|  0%| F|  |TS640|AC  0|TAMS 0x00000000c6200000, 0x00000000c6200000|
|  39|0x00000000c6300000, 0x00000000c6300000, 0x00000000c6400000|  0%| F|  |TS640|AC  0|TAMS 0x00000000c6300000, 0x00000000c6300000|
|  40|0x00000000c6400000, 0x00000000c6400000, 0x00000000c6500000|  0%| F|  |TS649|AC  0|TAMS 0x00000000c6400000, 0x00000000c6400000|
|  41|0x00000000c6500000, 0x00000000c6500000, 0x00000000c6600000|  0%| F|  |TS648|AC  0|TAMS 0x00000000c6500000, 0x00000000c6500000|
|  42|0x00000000c6600000, 0x00000000c6600000, 0x00000000c6700000|  0%| F|  |TS648|AC  0|TAMS 0x00000000c6600000, 0x00000000c6600000|
|  43|0x00000000c6700000, 0x00000000c6700000, 0x00000000c6800000|  0%| F|  |TS648|AC  0|TAMS 0x00000000c6700000, 0x00000000c6700000|
|  44|0x00000000c6800000, 0x00000000c6800000, 0x00000000c6900000|  0%| F|  |TS648|AC  0|TAMS 0x00000000c6800000, 0x00000000c6800000|
|  45|0x00000000c6900000, 0x00000000c6900000, 0x00000000c6a00000|  0%| F|  |TS648|AC  0|TAMS 0x00000000c6900000, 0x00000000c6900000|
|  46|0x00000000c6a00000, 0x00000000c6a00000, 0x00000000c6b00000|  0%| F|  |TS648|AC  0|TAMS 0x00000000c6a00000, 0x00000000c6a00000|
|  47|0x00000000c6b00000, 0x00000000c6b00000, 0x00000000c6c00000|  0%| F|  |TS648|AC  0|TAMS 0x00000000c6b00000, 0x00000000c6b00000|
|  48|0x00000000c6c00000, 0x00000000c6c00000, 0x00000000c6d00000|  0%| F|  |TS648|AC  0|TAMS 0x00000000c6c00000, 0x00000000c6c00000|
|  49|0x00000000c6d00000, 0x00000000c6d00000, 0x00000000c6e00000|  0%| F|  |TS657|AC  0|TAMS 0x00000000c6d00000, 0x00000000c6d00000|
|  50|0x00000000c6e00000, 0x00000000c6e00000, 0x00000000c6f00000|  0%| F|  |TS656|AC  0|TAMS 0x00000000c6e00000, 0x00000000c6e00000|
|  51|0x00000000c6f00000, 0x00000000c6f00000, 0x00000000c7000000|  0%| F|  |TS656|AC  0|TAMS 0x00000000c6f00000, 0x00000000c6f00000|
|  52|0x00000000c7000000, 0x00000000c7000000, 0x00000000c7100000|  0%| F|  |TS656|AC  0|TAMS 0x00000000c7000000, 0x00000000c7000000|
|  53|0x00000000c7100000, 0x00000000c7100000, 0x00000000c7200000|  0%| F|  |TS656|AC  0|TAMS 0x00000000c7100000, 0x00000000c7100000|
|  54|0x00000000c7200000, 0x00000000c7200000, 0x00000000c7300000|  0%| F|  |TS656|AC  0|TAMS 0x00000000c7200000, 0x00000000c7200000|
|  55|0x00000000c7300000, 0x00000000c7300000, 0x00000000c7400000|  0%| F|  |TS656|AC  0|TAMS 0x00000000c7300000, 0x00000000c7300000|
|  56|0x00000000c7400000, 0x00000000c7400000, 0x00000000c7500000|  0%| F|  |TS656|AC  0|TAMS 0x00000000c7400000, 0x00000000c7400000|
|  57|0x00000000c7500000, 0x00000000c7500000, 0x00000000c7600000|  0%| F|  |TS656|AC  0|TAMS 0x00000000c7500000, 0x00000000c7500000|
|  58|0x00000000c7600000, 0x00000000c7600000, 0x00000000c7700000|  0%| F|  |TS656|AC  0|TAMS 0x00000000c7600000, 0x00000000c7600000|
|  59|0x00000000c7700000, 0x00000000c7700000, 0x00000000c7800000|  0%| F|  |TS668|AC  0|TAMS 0x00000000c7700000, 0x00000000c7700000|
|  60|0x00000000c7800000, 0x00000000c7800000, 0x00000000c7900000|  0%| F|  |TS667|AC  0|TAMS 0x00000000c7800000, 0x00000000c7800000|
|  61|0x00000000c7900000, 0x00000000c7900000, 0x00000000c7a00000|  0%| F|  |TS667|AC  0|TAMS 0x00000000c7900000, 0x00000000c7900000|
|  62|0x00000000c7a00000, 0x00000000c7a00000, 0x00000000c7b00000|  0%| F|  |TS667|AC  0|TAMS 0x00000000c7a00000, 0x00000000c7a00000|
|  63|0x00000000c7b00000, 0x00000000c7b00000, 0x00000000c7c00000|  0%| F|  |TS667|AC  0|TAMS 0x00000000c7b00000, 0x00000000c7b00000|
|  64|0x00000000c7c00000, 0x00000000c7c00000, 0x00000000c7d00000|  0%| F|  |TS667|AC  0|TAMS 0x00000000c7c00000, 0x00000000c7c00000|
|  65|0x00000000c7d00000, 0x00000000c7d00000, 0x00000000c7e00000|  0%| F|  |TS667|AC  0|TAMS 0x00000000c7d00000, 0x00000000c7d00000|
|  66|0x00000000c7e00000, 0x00000000c7e00000, 0x00000000c7f00000|  0%| F|  |TS667|AC  0|TAMS 0x00000000c7e00000, 0x00000000c7e00000|
|  67|0x00000000c7f00000, 0x00000000c7f00000, 0x00000000c8000000|  0%| F|  |TS667|AC  0|TAMS 0x00000000c7f00000, 0x00000000c7f00000|
|  68|0x00000000c8000000, 0x00000000c8000000, 0x00000000c8100000|  0%| F|  |TS667|AC  0|TAMS 0x00000000c8000000, 0x00000000c8000000|
|  69|0x00000000c8100000, 0x00000000c8100000, 0x00000000c8200000|  0%| F|  |TS667|AC  0|TAMS 0x00000000c8100000, 0x00000000c8100000|
|  70|0x00000000c8200000, 0x00000000c8200000, 0x00000000c8300000|  0%| F|  |TS667|AC  0|TAMS 0x00000000c8200000, 0x00000000c8200000|
|  71|0x00000000c8300000, 0x00000000c8300000, 0x00000000c8400000|  0%| F|  |TS667|AC  0|TAMS 0x00000000c8300000, 0x00000000c8300000|
|  72|0x00000000c8400000, 0x00000000c8400000, 0x00000000c8500000|  0%| F|  |TS667|AC  0|TAMS 0x00000000c8400000, 0x00000000c8400000|
|  73|0x00000000c8500000, 0x00000000c8500000, 0x00000000c8600000|  0%| F|  |TS667|AC  0|TAMS 0x00000000c8500000, 0x00000000c8500000|
|  74|0x00000000c8600000, 0x00000000c8600000, 0x00000000c8700000|  0%| F|  |TS667|AC  0|TAMS 0x00000000c8600000, 0x00000000c8600000|
|  75|0x00000000c8700000, 0x00000000c8700000, 0x00000000c8800000|  0%| F|  |TS667|AC  0|TAMS 0x00000000c8700000, 0x00000000c8700000|
|  76|0x00000000c8800000, 0x00000000c8800000, 0x00000000c8900000|  0%| F|  |TS667|AC  0|TAMS 0x00000000c8800000, 0x00000000c8800000|
|  77|0x00000000c8900000, 0x00000000c8900000, 0x00000000c8a00000|  0%| F|  |TS667|AC  0|TAMS 0x00000000c8900000, 0x00000000c8900000|
|  78|0x00000000c8a00000, 0x00000000c8a00000, 0x00000000c8b00000|  0%| F|  |TS667|AC  0|TAMS 0x00000000c8a00000, 0x00000000c8a00000|
|  79|0x00000000c8b00000, 0x00000000c8b00000, 0x00000000c8c00000|  0%| F|  |TS667|AC  0|TAMS 0x00000000c8b00000, 0x00000000c8b00000|
|  80|0x00000000c8c00000, 0x00000000c8c00000, 0x00000000c8d00000|  0%| F|  |TS667|AC  0|TAMS 0x00000000c8c00000, 0x00000000c8c00000|
|  81|0x00000000c8d00000, 0x00000000c8d00000, 0x00000000c8e00000|  0%| F|  |TS667|AC  0|TAMS 0x00000000c8d00000, 0x00000000c8d00000|
|  82|0x00000000c8e00000, 0x00000000c8e00000, 0x00000000c8f00000|  0%| F|  |TS667|AC  0|TAMS 0x00000000c8e00000, 0x00000000c8e00000|
|  83|0x00000000c8f00000, 0x00000000c8f00000, 0x00000000c9000000|  0%| F|  |TS667|AC  0|TAMS 0x00000000c8f00000, 0x00000000c8f00000|
|  84|0x00000000c9000000, 0x00000000c9000000, 0x00000000c9100000|  0%| F|  |TS667|AC  0|TAMS 0x00000000c9000000, 0x00000000c9000000|
|  85|0x00000000c9100000, 0x00000000c9100000, 0x00000000c9200000|  0%| F|  |TS667|AC  0|TAMS 0x00000000c9100000, 0x00000000c9100000|
|  86|0x00000000c9200000, 0x00000000c9200000, 0x00000000c9300000|  0%| F|  |TS667|AC  0|TAMS 0x00000000c9200000, 0x00000000c9200000|
|  87|0x00000000c9300000, 0x00000000c9300000, 0x00000000c9400000|  0%| F|  |TS667|AC  0|TAMS 0x00000000c9300000, 0x00000000c9300000|
|  88|0x00000000c9400000, 0x00000000c9400000, 0x00000000c9500000|  0%| F|  |TS667|AC  0|TAMS 0x00000000c9400000, 0x00000000c9400000|
|  89|0x00000000c9500000, 0x00000000c9500000, 0x00000000c9600000|  0%| F|  |TS667|AC  0|TAMS 0x00000000c9500000, 0x00000000c9500000|
|  90|0x00000000c9600000, 0x00000000c9600000, 0x00000000c9700000|  0%| F|  |TS667|AC  0|TAMS 0x00000000c9600000, 0x00000000c9600000|
|  91|0x00000000c9700000, 0x00000000c9700000, 0x00000000c9800000|  0%| F|  |TS667|AC  0|TAMS 0x00000000c9700000, 0x00000000c9700000|
|  92|0x00000000c9800000, 0x00000000c9800000, 0x00000000c9900000|  0%| F|  |TS667|AC  0|TAMS 0x00000000c9800000, 0x00000000c9800000|
|  93|0x00000000c9900000, 0x00000000c9900000, 0x00000000c9a00000|  0%| F|  |TS667|AC  0|TAMS 0x00000000c9900000, 0x00000000c9900000|
|  94|0x00000000c9a00000, 0x00000000c9a00000, 0x00000000c9b00000|  0%| F|  |TS667|AC  0|TAMS 0x00000000c9a00000, 0x00000000c9a00000|
|  95|0x00000000c9b00000, 0x00000000c9b00000, 0x00000000c9c00000|  0%| F|  |TS667|AC  0|TAMS 0x00000000c9b00000, 0x00000000c9b00000|
|  96|0x00000000c9c00000, 0x00000000c9c00000, 0x00000000c9d00000|  0%| F|  |TS667|AC  0|TAMS 0x00000000c9c00000, 0x00000000c9c00000|
|  97|0x00000000c9d00000, 0x00000000c9d00000, 0x00000000c9e00000|  0%| F|  |TS667|AC  0|TAMS 0x00000000c9d00000, 0x00000000c9d00000|
|  98|0x00000000c9e00000, 0x00000000c9e00000, 0x00000000c9f00000|  0%| F|  |TS667|AC  0|TAMS 0x00000000c9e00000, 0x00000000c9e00000|
|  99|0x00000000c9f00000, 0x00000000c9f00000, 0x00000000ca000000|  0%| F|  |TS667|AC  0|TAMS 0x00000000c9f00000, 0x00000000c9f00000|
| 100|0x00000000ca000000, 0x00000000ca000000, 0x00000000ca100000|  0%| F|  |TS667|AC  0|TAMS 0x00000000ca000000, 0x00000000ca000000|
| 101|0x00000000ca100000, 0x00000000ca100000, 0x00000000ca200000|  0%| F|  |TS667|AC  0|TAMS 0x00000000ca100000, 0x00000000ca100000|
| 102|0x00000000ca200000, 0x00000000ca200000, 0x00000000ca300000|  0%| F|  |TS667|AC  0|TAMS 0x00000000ca200000, 0x00000000ca200000|
| 103|0x00000000ca300000, 0x00000000ca300000, 0x00000000ca400000|  0%| F|  |TS667|AC  0|TAMS 0x00000000ca300000, 0x00000000ca300000|
| 104|0x00000000ca400000, 0x00000000ca400000, 0x00000000ca500000|  0%| F|  |TS667|AC  0|TAMS 0x00000000ca400000, 0x00000000ca400000|
| 105|0x00000000ca500000, 0x00000000ca500000, 0x00000000ca600000|  0%| F|  |TS667|AC  0|TAMS 0x00000000ca500000, 0x00000000ca500000|
| 106|0x00000000ca600000, 0x00000000ca600000, 0x00000000ca700000|  0%| F|  |TS667|AC  0|TAMS 0x00000000ca600000, 0x00000000ca600000|
| 107|0x00000000ca700000, 0x00000000ca700000, 0x00000000ca800000|  0%| F|  |TS667|AC  0|TAMS 0x00000000ca700000, 0x00000000ca700000|
| 108|0x00000000ca800000, 0x00000000ca800000, 0x00000000ca900000|  0%| F|  |TS667|AC  0|TAMS 0x00000000ca800000, 0x00000000ca800000|
| 109|0x00000000ca900000, 0x00000000ca900000, 0x00000000caa00000|  0%| F|  |TS667|AC  0|TAMS 0x00000000ca900000, 0x00000000ca900000|
| 110|0x00000000caa00000, 0x00000000caa00000, 0x00000000cab00000|  0%| F|  |TS667|AC  0|TAMS 0x00000000caa00000, 0x00000000caa00000|
| 111|0x00000000cab00000, 0x00000000cab00000, 0x00000000cac00000|  0%| F|  |TS667|AC  0|TAMS 0x00000000cab00000, 0x00000000cab00000|
| 112|0x00000000cac00000, 0x00000000cac00000, 0x00000000cad00000|  0%| F|  |TS667|AC  0|TAMS 0x00000000cac00000, 0x00000000cac00000|
| 113|0x00000000cad00000, 0x00000000cad00000, 0x00000000cae00000|  0%| F|  |TS667|AC  0|TAMS 0x00000000cad00000, 0x00000000cad00000|
| 114|0x00000000cae00000, 0x00000000cae00000, 0x00000000caf00000|  0%| F|  |TS667|AC  0|TAMS 0x00000000cae00000, 0x00000000cae00000|
| 115|0x00000000caf00000, 0x00000000caf00000, 0x00000000cb000000|  0%| F|  |TS667|AC  0|TAMS 0x00000000caf00000, 0x00000000caf00000|
| 116|0x00000000cb000000, 0x00000000cb000000, 0x00000000cb100000|  0%| F|  |TS667|AC  0|TAMS 0x00000000cb000000, 0x00000000cb000000|
| 117|0x00000000cb100000, 0x00000000cb100000, 0x00000000cb200000|  0%| F|  |TS667|AC  0|TAMS 0x00000000cb100000, 0x00000000cb100000|
| 118|0x00000000cb200000, 0x00000000cb200000, 0x00000000cb300000|  0%| F|  |TS667|AC  0|TAMS 0x00000000cb200000, 0x00000000cb200000|
| 119|0x00000000cb300000, 0x00000000cb300000, 0x00000000cb400000|  0%| F|  |TS667|AC  0|TAMS 0x00000000cb300000, 0x00000000cb300000|
| 120|0x00000000cb400000, 0x00000000cb400000, 0x00000000cb500000|  0%| F|  |TS667|AC  0|TAMS 0x00000000cb400000, 0x00000000cb400000|
| 121|0x00000000cb500000, 0x00000000cb500000, 0x00000000cb600000|  0%| F|  |TS667|AC  0|TAMS 0x00000000cb500000, 0x00000000cb500000|
| 122|0x00000000cb600000, 0x00000000cb600000, 0x00000000cb700000|  0%| F|  |TS667|AC  0|TAMS 0x00000000cb600000, 0x00000000cb600000|
| 123|0x00000000cb700000, 0x00000000cb700000, 0x00000000cb800000|  0%| F|  |TS667|AC  0|TAMS 0x00000000cb700000, 0x00000000cb700000|
| 124|0x00000000cb800000, 0x00000000cb800000, 0x00000000cb900000|  0%| F|  |TS667|AC  0|TAMS 0x00000000cb800000, 0x00000000cb800000|
| 125|0x00000000cb900000, 0x00000000cb900000, 0x00000000cba00000|  0%| F|  |TS667|AC  0|TAMS 0x00000000cb900000, 0x00000000cb900000|
| 126|0x00000000cba00000, 0x00000000cba00000, 0x00000000cbb00000|  0%| F|  |TS667|AC  0|TAMS 0x00000000cba00000, 0x00000000cba00000|
| 127|0x00000000cbb00000, 0x00000000cbb00000, 0x00000000cbc00000|  0%| F|  |TS667|AC  0|TAMS 0x00000000cbb00000, 0x00000000cbb00000|
| 128|0x00000000cbc00000, 0x00000000cbc00000, 0x00000000cbd00000|  0%| F|  |TS667|AC  0|TAMS 0x00000000cbc00000, 0x00000000cbc00000|
| 129|0x00000000cbd00000, 0x00000000cbd00000, 0x00000000cbe00000|  0%| F|  |TS667|AC  0|TAMS 0x00000000cbd00000, 0x00000000cbd00000|
| 130|0x00000000cbe00000, 0x00000000cbe00000, 0x00000000cbf00000|  0%| F|  |TS667|AC  0|TAMS 0x00000000cbe00000, 0x00000000cbe00000|
| 131|0x00000000cbf00000, 0x00000000cbf00000, 0x00000000cc000000|  0%| F|  |TS667|AC  0|TAMS 0x00000000cbf00000, 0x00000000cbf00000|
| 132|0x00000000cc000000, 0x00000000cc000000, 0x00000000cc100000|  0%| F|  |TS667|AC  0|TAMS 0x00000000cc000000, 0x00000000cc000000|
| 133|0x00000000cc100000, 0x00000000cc100000, 0x00000000cc200000|  0%| F|  |TS667|AC  0|TAMS 0x00000000cc100000, 0x00000000cc100000|
| 134|0x00000000cc200000, 0x00000000cc200000, 0x00000000cc300000|  0%| F|  |TS667|AC  0|TAMS 0x00000000cc200000, 0x00000000cc200000|
| 135|0x00000000cc300000, 0x00000000cc300000, 0x00000000cc400000|  0%| F|  |TS667|AC  0|TAMS 0x00000000cc300000, 0x00000000cc300000|
| 136|0x00000000cc400000, 0x00000000cc400000, 0x00000000cc500000|  0%| F|  |TS667|AC  0|TAMS 0x00000000cc400000, 0x00000000cc400000|
| 137|0x00000000cc500000, 0x00000000cc500000, 0x00000000cc600000|  0%| F|  |TS667|AC  0|TAMS 0x00000000cc500000, 0x00000000cc500000|
| 138|0x00000000cc600000, 0x00000000cc600000, 0x00000000cc700000|  0%| F|  |TS667|AC  0|TAMS 0x00000000cc600000, 0x00000000cc600000|
| 139|0x00000000cc700000, 0x00000000cc700000, 0x00000000cc800000|  0%| F|  |TS667|AC  0|TAMS 0x00000000cc700000, 0x00000000cc700000|
| 140|0x00000000cc800000, 0x00000000cc800000, 0x00000000cc900000|  0%| F|  |TS670|AC  0|TAMS 0x00000000cc800000, 0x00000000cc800000|
| 141|0x00000000cc900000, 0x00000000cc900000, 0x00000000cca00000|  0%| F|  |TS671|AC  0|TAMS 0x00000000cc900000, 0x00000000cc900000|
| 142|0x00000000cca00000, 0x00000000cca00000, 0x00000000ccb00000|  0%| F|  |TS670|AC  0|TAMS 0x00000000cca00000, 0x00000000cca00000|
| 143|0x00000000ccb00000, 0x00000000ccb00000, 0x00000000ccc00000|  0%| F|  |TS670|AC  0|TAMS 0x00000000ccb00000, 0x00000000ccb00000|
| 144|0x00000000ccc00000, 0x00000000ccc00000, 0x00000000ccd00000|  0%| F|  |TS670|AC  0|TAMS 0x00000000ccc00000, 0x00000000ccc00000|
| 145|0x00000000ccd00000, 0x00000000ccd00000, 0x00000000cce00000|  0%| F|  |TS670|AC  0|TAMS 0x00000000ccd00000, 0x00000000ccd00000|
| 146|0x00000000cce00000, 0x00000000cce00000, 0x00000000ccf00000|  0%| F|  |TS670|AC  0|TAMS 0x00000000cce00000, 0x00000000cce00000|
| 147|0x00000000ccf00000, 0x00000000ccf00000, 0x00000000cd000000|  0%| F|  |TS670|AC  0|TAMS 0x00000000ccf00000, 0x00000000ccf00000|
| 148|0x00000000cd000000, 0x00000000cd000000, 0x00000000cd100000|  0%| F|  |TS670|AC  0|TAMS 0x00000000cd000000, 0x00000000cd000000|
| 149|0x00000000cd100000, 0x00000000cd100000, 0x00000000cd200000|  0%| F|  |TS670|AC  0|TAMS 0x00000000cd100000, 0x00000000cd100000|
| 150|0x00000000cd200000, 0x00000000cd200000, 0x00000000cd300000|  0%| F|  |TS670|AC  0|TAMS 0x00000000cd200000, 0x00000000cd200000|
| 151|0x00000000cd300000, 0x00000000cd300000, 0x00000000cd400000|  0%| F|  |TS670|AC  0|TAMS 0x00000000cd300000, 0x00000000cd300000|
| 152|0x00000000cd400000, 0x00000000cd400000, 0x00000000cd500000|  0%| F|  |TS670|AC  0|TAMS 0x00000000cd400000, 0x00000000cd400000|
| 153|0x00000000cd500000, 0x00000000cd500000, 0x00000000cd600000|  0%| F|  |TS670|AC  0|TAMS 0x00000000cd500000, 0x00000000cd500000|
| 154|0x00000000cd600000, 0x00000000cd600000, 0x00000000cd700000|  0%| F|  |TS670|AC  0|TAMS 0x00000000cd600000, 0x00000000cd600000|
| 155|0x00000000cd700000, 0x00000000cd700000, 0x00000000cd800000|  0%| F|  |TS670|AC  0|TAMS 0x00000000cd700000, 0x00000000cd700000|
| 156|0x00000000cd800000, 0x00000000cd800000, 0x00000000cd900000|  0%| F|  |TS670|AC  0|TAMS 0x00000000cd800000, 0x00000000cd800000|
| 157|0x00000000cd900000, 0x00000000cd900000, 0x00000000cda00000|  0%| F|  |TS670|AC  0|TAMS 0x00000000cd900000, 0x00000000cd900000|
| 158|0x00000000cda00000, 0x00000000cda00000, 0x00000000cdb00000|  0%| F|  |TS670|AC  0|TAMS 0x00000000cda00000, 0x00000000cda00000|
| 159|0x00000000cdb00000, 0x00000000cdb00000, 0x00000000cdc00000|  0%| F|  |TS670|AC  0|TAMS 0x00000000cdb00000, 0x00000000cdb00000|
| 160|0x00000000cdc00000, 0x00000000cdc00000, 0x00000000cdd00000|  0%| F|  |TS670|AC  0|TAMS 0x00000000cdc00000, 0x00000000cdc00000|
| 161|0x00000000cdd00000, 0x00000000cdd00000, 0x00000000cde00000|  0%| F|  |TS670|AC  0|TAMS 0x00000000cdd00000, 0x00000000cdd00000|
| 162|0x00000000cde00000, 0x00000000cde00000, 0x00000000cdf00000|  0%| F|  |TS670|AC  0|TAMS 0x00000000cde00000, 0x00000000cde00000|
| 163|0x00000000cdf00000, 0x00000000cdf00000, 0x00000000ce000000|  0%| F|  |TS670|AC  0|TAMS 0x00000000cdf00000, 0x00000000cdf00000|
| 164|0x00000000ce000000, 0x00000000ce000000, 0x00000000ce100000|  0%| F|  |TS670|AC  0|TAMS 0x00000000ce000000, 0x00000000ce000000|
| 165|0x00000000ce100000, 0x00000000ce100000, 0x00000000ce200000|  0%| F|  |TS670|AC  0|TAMS 0x00000000ce100000, 0x00000000ce100000|
| 166|0x00000000ce200000, 0x00000000ce200000, 0x00000000ce300000|  0%| F|  |TS670|AC  0|TAMS 0x00000000ce200000, 0x00000000ce200000|
| 167|0x00000000ce300000, 0x00000000ce300000, 0x00000000ce400000|  0%| F|  |TS670|AC  0|TAMS 0x00000000ce300000, 0x00000000ce300000|
| 168|0x00000000ce400000, 0x00000000ce400000, 0x00000000ce500000|  0%| F|  |TS670|AC  0|TAMS 0x00000000ce400000, 0x00000000ce400000|
| 169|0x00000000ce500000, 0x00000000ce500000, 0x00000000ce600000|  0%| F|  |TS670|AC  0|TAMS 0x00000000ce500000, 0x00000000ce500000|
| 170|0x00000000ce600000, 0x00000000ce600000, 0x00000000ce700000|  0%| F|  |TS670|AC  0|TAMS 0x00000000ce600000, 0x00000000ce600000|
| 171|0x00000000ce700000, 0x00000000ce700000, 0x00000000ce800000|  0%| F|  |TS670|AC  0|TAMS 0x00000000ce700000, 0x00000000ce700000|
| 172|0x00000000ce800000, 0x00000000ce800000, 0x00000000ce900000|  0%| F|  |TS670|AC  0|TAMS 0x00000000ce800000, 0x00000000ce800000|
| 173|0x00000000ce900000, 0x00000000ce900000, 0x00000000cea00000|  0%| F|  |TS670|AC  0|TAMS 0x00000000ce900000, 0x00000000ce900000|
| 174|0x00000000cea00000, 0x00000000cea00000, 0x00000000ceb00000|  0%| F|  |TS670|AC  0|TAMS 0x00000000cea00000, 0x00000000cea00000|
| 175|0x00000000ceb00000, 0x00000000ceb00000, 0x00000000cec00000|  0%| F|  |TS670|AC  0|TAMS 0x00000000ceb00000, 0x00000000ceb00000|
| 176|0x00000000cec00000, 0x00000000cec00000, 0x00000000ced00000|  0%| F|  |TS670|AC  0|TAMS 0x00000000cec00000, 0x00000000cec00000|
| 177|0x00000000ced00000, 0x00000000ced00000, 0x00000000cee00000|  0%| F|  |TS670|AC  0|TAMS 0x00000000ced00000, 0x00000000ced00000|
| 178|0x00000000cee00000, 0x00000000cee00000, 0x00000000cef00000|  0%| F|  |TS670|AC  0|TAMS 0x00000000cee00000, 0x00000000cee00000|
| 179|0x00000000cef00000, 0x00000000cef00000, 0x00000000cf000000|  0%| F|  |TS670|AC  0|TAMS 0x00000000cef00000, 0x00000000cef00000|
| 180|0x00000000cf000000, 0x00000000cf000000, 0x00000000cf100000|  0%| F|  |TS670|AC  0|TAMS 0x00000000cf000000, 0x00000000cf000000|
| 181|0x00000000cf100000, 0x00000000cf1050a0, 0x00000000cf200000|  1%| S|CS|TS676|AC  0|TAMS 0x00000000cf100000, 0x00000000cf100000|
| 182|0x00000000cf200000, 0x00000000cf200000, 0x00000000cf300000|  0%| F|  |TS676|AC  0|TAMS 0x00000000cf200000, 0x00000000cf200000|
| 183|0x00000000cf300000, 0x00000000cf300000, 0x00000000cf400000|  0%| F|  |TS676|AC  0|TAMS 0x00000000cf300000, 0x00000000cf300000|
| 184|0x00000000cf400000, 0x00000000cf400000, 0x00000000cf500000|  0%| F|  |TS676|AC  0|TAMS 0x00000000cf400000, 0x00000000cf400000|
| 185|0x00000000cf500000, 0x00000000cf500000, 0x00000000cf600000|  0%| F|  |TS676|AC  0|TAMS 0x00000000cf500000, 0x00000000cf500000|
| 186|0x00000000cf600000, 0x00000000cf600000, 0x00000000cf700000|  0%| F|  |TS676|AC  0|TAMS 0x00000000cf600000, 0x00000000cf600000|
| 187|0x00000000cf700000, 0x00000000cf700000, 0x00000000cf800000|  0%| F|  |TS676|AC  0|TAMS 0x00000000cf700000, 0x00000000cf700000|
| 188|0x00000000cf800000, 0x00000000cf800000, 0x00000000cf900000|  0%| F|  |TS676|AC  0|TAMS 0x00000000cf800000, 0x00000000cf800000|
| 189|0x00000000cf900000, 0x00000000cf900000, 0x00000000cfa00000|  0%| F|  |TS676|AC  0|TAMS 0x00000000cf900000, 0x00000000cf900000|
| 190|0x00000000cfa00000, 0x00000000cfa00000, 0x00000000cfb00000|  0%| F|  |TS676|AC  0|TAMS 0x00000000cfa00000, 0x00000000cfa00000|

Card table byte_map: [0x00007fac16d4f000,0x00007fac16f31000] byte_map_base: 0x00007fac16731000

Marking Bits (Prev, Next): (CMBitMap*) 0x00007fac30043440, (CMBitMap*) 0x00007fac30043478
 Prev Bits: [0x00007fac15c5d000, 0x00007fac16b6d000)
 Next Bits: [0x00007fac14d4d000, 0x00007fac15c5d000)

Polling page: 0x00007fac37cf4000

CodeHeap 'non-profiled nmethods': size=120032Kb used=601Kb max_used=625Kb free=119430Kb
 bounds [0x00007fac1f3e7000, 0x00007fac1f657000, 0x00007fac2691f000]
CodeHeap 'profiled nmethods': size=120032Kb used=1592Kb max_used=2114Kb free=118439Kb
 bounds [0x00007fac17eaf000, 0x00007fac1811f000, 0x00007fac1f3e7000]
CodeHeap 'non-nmethods': size=5696Kb used=1072Kb max_used=1099Kb free=4624Kb
 bounds [0x00007fac1791f000, 0x00007fac17b8f000, 0x00007fac17eaf000]
 total_blobs=1984 nmethods=1049 adapters=304
 compilation: enabled

Compilation events (10 events):
Event: 1358,638 Thread 0x00007fac300ff800 1218       4       com.sandwich.koan.ApplicationSettings::isInteractive (17 bytes)
Event: 1358,659 Thread 0x00007fac300ff800 nmethod 1218 0x00007fac1f43b510 code [0x00007fac1f43b740, 0x00007fac1f43c1b0]
Event: 2626,839 Thread 0x00007fac30101800 1220       4       java.util.LinkedHashMap$LinkedHashIterator::nextNode (54 bytes)
Event: 2627,168 Thread 0x00007fac30101800 nmethod 1220 0x00007fac1f414890 code [0x00007fac1f414a20, 0x00007fac1f414c98]
Event: 2712,780 Thread 0x00007fac300ff800 1221       4       java.util.LinkedHashMap$LinkedEntryIterator::next (5 bytes)
Event: 2712,790 Thread 0x00007fac300ff800 nmethod 1221 0x00007fac1f419c10 code [0x00007fac1f419da0, 0x00007fac1f41a018]
Event: 2719,857 Thread 0x00007fac30101800 1222       4       java.util.LinkedHashMap::entrySet (27 bytes)
Event: 2719,857 Thread 0x00007fac300ff800 1223       4       java.util.LinkedHashMap$LinkedEntrySet::iterator (12 bytes)
Event: 2719,859 Thread 0x00007fac30101800 nmethod 1222 0x00007fac1f3ec990 code [0x00007fac1f3ecb20, 0x00007fac1f3ecb98]
Event: 2719,863 Thread 0x00007fac300ff800 nmethod 1223 0x00007fac1f420490 code [0x00007fac1f420640, 0x00007fac1f420818]

GC Heap History (10 events):
Event: 9553,778 GC heap after
{Heap after GC invocations=671 (full 0):
 garbage-first heap   total 195584K, used 2431K [0x00000000c3c00000, 0x0000000100000000)
  region size 1024K, 1 young (1024K), 1 survivors (1024K)
 Metaspace       used 11893K, capacity 12245K, committed 12544K, reserved 1060864K
  class space    used 1089K, capacity 1231K, committed 1280K, reserved 1048576K
}
Event: 9558,085 GC heap before
{Heap before GC invocations=671 (full 0):
 garbage-first heap   total 195584K, used 10623K [0x00000000c3c00000, 0x0000000100000000)
  region size 1024K, 9 young (9216K), 1 survivors (1024K)
 Metaspace       used 11893K, capacity 12245K, committed 12544K, reserved 1060864K
  class space    used 1089K, capacity 1231K, committed 1280K, reserved 1048576K
}
Event: 9558,380 GC heap after
{Heap after GC invocations=672 (full 0):
 garbage-first heap   total 195584K, used 2419K [0x00000000c3c00000, 0x0000000100000000)
  region size 1024K, 1 young (1024K), 1 survivors (1024K)
 Metaspace       used 11893K, capacity 12245K, committed 12544K, reserved 1060864K
  class space    used 1089K, capacity 1231K, committed 1280K, reserved 1048576K
}
Event: 9564,721 GC heap before
{Heap before GC invocations=672 (full 0):
 garbage-first heap   total 195584K, used 10611K [0x00000000c3c00000, 0x0000000100000000)
  region size 1024K, 9 young (9216K), 1 survivors (1024K)
 Metaspace       used 11893K, capacity 12245K, committed 12544K, reserved 1060864K
  class space    used 1089K, capacity 1231K, committed 1280K, reserved 1048576K
}
Event: 9586,030 GC heap after
{Heap after GC invocations=673 (full 0):
 garbage-first heap   total 195584K, used 2427K [0x00000000c3c00000, 0x0000000100000000)
  region size 1024K, 1 young (1024K), 1 survivors (1024K)
 Metaspace       used 11893K, capacity 12245K, committed 12544K, reserved 1060864K
  class space    used 1089K, capacity 1231K, committed 1280K, reserved 1048576K
}
Event: 9599,494 GC heap before
{Heap before GC invocations=673 (full 0):
 garbage-first heap   total 195584K, used 10619K [0x00000000c3c00000, 0x0000000100000000)
  region size 1024K, 9 young (9216K), 1 survivors (1024K)
 Metaspace       used 11893K, capacity 12245K, committed 12544K, reserved 1060864K
  class space    used 1089K, capacity 1231K, committed 1280K, reserved 1048576K
}
Event: 9614,332 GC heap after
{Heap after GC invocations=674 (full 0):
 garbage-first heap   total 195584K, used 2433K [0x00000000c3c00000, 0x0000000100000000)
  region size 1024K, 1 young (1024K), 1 survivors (1024K)
 Metaspace       used 11893K, capacity 12245K, committed 12544K, reserved 1060864K
  class space    used 1089K, capacity 1231K, committed 1280K, reserved 1048576K
}
Event: 9627,178 GC heap before
{Heap before GC invocations=674 (full 0):
 garbage-first heap   total 195584K, used 10625K [0x00000000c3c00000, 0x0000000100000000)
  region size 1024K, 9 young (9216K), 1 survivors (1024K)
 Metaspace       used 11893K, capacity 12245K, committed 12544K, reserved 1060864K
  class space    used 1089K, capacity 1231K, committed 1280K, reserved 1048576K
}
Event: 9630,545 GC heap after
{Heap after GC invocations=675 (full 0):
 garbage-first heap   total 195584K, used 2419K [0x00000000c3c00000, 0x0000000100000000)
  region size 1024K, 1 young (1024K), 1 survivors (1024K)
 Metaspace       used 11893K, capacity 12245K, committed 12544K, reserved 1060864K
  class space    used 1089K, capacity 1231K, committed 1280K, reserved 1048576K
}
Event: 9635,835 GC heap before
{Heap before GC invocations=675 (full 0):
 garbage-first heap   total 195584K, used 10611K [0x00000000c3c00000, 0x0000000100000000)
  region size 1024K, 9 young (9216K), 1 survivors (1024K)
 Metaspace       used 11893K, capacity 12245K, committed 12544K, reserved 1060864K
  class space    used 1089K, capacity 1231K, committed 1280K, reserved 1048576K
}

Deoptimization events (10 events):
Event: 1,132 Thread 0x00007fac30011800 Uncommon trap: reason=unstable_if action=reinterpret pc=0x00007fac1f4207bc method=java.util.regex.CharPredicates.lambda$ASCII_SPACE$17(I)Z @ 4 c2
Event: 1,639 Thread 0x00007fac30011800 Uncommon trap: reason=unstable_if action=reinterpret pc=0x00007fac1f414bdc method=java.lang.String.startsWith(Ljava/lang/String;I)Z @ 1 c2
Event: 1,935 Thread 0x00007fac30011800 Uncommon trap: reason=class_check action=maybe_recompile pc=0x00007fac1f447340 method=java.util.regex.Pattern$Start.<init>(Ljava/util/regex/Pattern$Node;)V @ 22 c2
Event: 1,935 Thread 0x00007fac30011800 Uncommon trap: reason=unstable_if action=reinterpret pc=0x00007fac1f44b0cc method=java.util.regex.Matcher.search(I)Z @ 30 c2
Event: 1,935 Thread 0x00007fac30011800 Uncommon trap: reason=unstable_if action=reinterpret pc=0x00007fac1f43c008 method=java.util.regex.Pattern$Start.match(Ljava/util/regex/Matcher;ILjava/lang/CharSequence;)Z @ 10 c2
Event: 1,937 Thread 0x00007fac30011800 Uncommon trap: reason=class_check action=maybe_recompile pc=0x00007fac1f447340 method=java.util.regex.Pattern$Start.<init>(Ljava/util/regex/Pattern$Node;)V @ 22 c2
Event: 1,937 Thread 0x00007fac30011800 Uncommon trap: reason=class_check action=maybe_recompile pc=0x00007fac1f447340 method=java.util.regex.Pattern$Start.<init>(Ljava/util/regex/Pattern$Node;)V @ 22 c2
Event: 1,938 Thread 0x00007fac30011800 Uncommon trap: reason=class_check action=maybe_recompile pc=0x00007fac1f447340 method=java.util.regex.Pattern$Start.<init>(Ljava/util/regex/Pattern$Node;)V @ 22 c2
Event: 1,940 Thread 0x00007fac30011800 Uncommon trap: reason=unstable_if action=reinterpret pc=0x00007fac1f43e328 method=java.lang.String.substring(II)Ljava/lang/String; @ 31 c2
Event: 1,940 Thread 0x00007fac30011800 Uncommon trap: reason=unstable_if action=reinterpret pc=0x00007fac1f3ecb78 method=java.lang.String.isLatin1()Z @ 10 c2

Classes redefined (0 events):
No events

Internal exceptions (10 events):
Event: 0,629 Thread 0x00007fac30011800 Exception <a 'java/lang/NoSuchMethodError'{0x00000000c7404660}: java.lang.invoke.DirectMethodHandle$Holder.invokeStatic(Ljava/lang/Object;Ljava/lang/Object;Ljava/lang/Object;Ljava/lang/Object;I)Ljava/lang/Object;> (0x00000000c7404660) thrown at [/build/op
Event: 0,633 Thread 0x00007fac30011800 Exception <a 'java/lang/NoSuchMethodError'{0x00000000c741b908}: method resolution failed> (0x00000000c741b908) thrown at [/build/openjdk-lts-Ae5PRQ/openjdk-lts-10.0.2+13/src/hotspot/share/prims/methodHandles.cpp, line 1226]
Event: 0,636 Thread 0x00007fac30011800 Exception <a 'java/lang/NoSuchMethodError'{0x00000000c7431cd8}: method resolution failed> (0x00000000c7431cd8) thrown at [/build/openjdk-lts-Ae5PRQ/openjdk-lts-10.0.2+13/src/hotspot/share/prims/methodHandles.cpp, line 1226]
Event: 0,640 Thread 0x00007fac30011800 Exception <a 'java/lang/NoSuchMethodError'{0x00000000c7449fd8}: method resolution failed> (0x00000000c7449fd8) thrown at [/build/openjdk-lts-Ae5PRQ/openjdk-lts-10.0.2+13/src/hotspot/share/prims/methodHandles.cpp, line 1226]
Event: 0,643 Thread 0x00007fac30011800 Exception <a 'java/lang/NoSuchMethodError'{0x00000000c74636a8}: method resolution failed> (0x00000000c74636a8) thrown at [/build/openjdk-lts-Ae5PRQ/openjdk-lts-10.0.2+13/src/hotspot/share/prims/methodHandles.cpp, line 1226]
Event: 0,826 Thread 0x00007fac30011800 Exception <a 'java/lang/NoSuchMethodError'{0x00000000c74d9008}: java.lang.invoke.DirectMethodHandle$Holder.invokeInterface(Ljava/lang/Object;Ljava/lang/Object;)Ljava/lang/Object;> (0x00000000c74d9008) thrown at [/build/openjdk-lts-Ae5PRQ/openjdk-lts-10.0.
Event: 0,828 Thread 0x00007fac30011800 Exception <a 'java/lang/NoSuchMethodError'{0x00000000c74e2080}: method resolution failed> (0x00000000c74e2080) thrown at [/build/openjdk-lts-Ae5PRQ/openjdk-lts-10.0.2+13/src/hotspot/share/prims/methodHandles.cpp, line 1226]
Event: 0,922 Thread 0x00007fac30011800 Exception <a 'java/lang/NoSuchMethodError'{0x00000000c7346af8}: java.lang.invoke.DirectMethodHandle$Holder.invokeStatic(Ljava/lang/Object;Ljava/lang/Object;)I> (0x00000000c7346af8) thrown at [/build/openjdk-lts-Ae5PRQ/openjdk-lts-10.0.2+13/src/hotspot/sha
Event: 0,925 Thread 0x00007fac30011800 Exception <a 'java/lang/NoSuchMethodError'{0x00000000c7353aa0}: java.lang.Object.of([Ljava/lang/Object;)Ljava/util/stream/Stream;> (0x00000000c7353aa0) thrown at [/build/openjdk-lts-Ae5PRQ/openjdk-lts-10.0.2+13/src/hotspot/share/interpreter/linkResolver.c
Event: 1,913 Thread 0x00007fac30011800 Exception <a 'java/lang/reflect/InvocationTargetException'{0x00000000c742b798}> (0x00000000c742b798) thrown at [/build/openjdk-lts-Ae5PRQ/openjdk-lts-10.0.2+13/src/hotspot/share/runtime/reflection.cpp, line 1222]

Events (10 events):
Event: 9553,778 Executing VM operation: G1IncCollectionPause done
Event: 9558,065 Executing VM operation: G1IncCollectionPause
Event: 9558,380 Executing VM operation: G1IncCollectionPause done
Event: 9562,555 Executing VM operation: G1IncCollectionPause
Event: 9586,855 Executing VM operation: G1IncCollectionPause done
Event: 9598,987 Executing VM operation: G1IncCollectionPause
Event: 9618,947 Executing VM operation: G1IncCollectionPause done
Event: 9626,853 Executing VM operation: G1IncCollectionPause
Event: 9630,650 Executing VM operation: G1IncCollectionPause done
Event: 9635,064 Executing VM operation: G1IncCollectionPause


Dynamic libraries:
c3c00000-cfb00000 rw-p 00000000 00:00 0 
e3100000-100000000 ---p 00000000 00:00 0 
100000000-100140000 rw-p 00000000 00:00 0 
100140000-140000000 ---p 00000000 00:00 0 
55f204d7e000-55f204d7f000 r-xp 00000000 08:07 660828                     /usr/lib/jvm/java-11-openjdk-amd64/bin/java
55f204f7f000-55f204f80000 r--p 00001000 08:07 660828                     /usr/lib/jvm/java-11-openjdk-amd64/bin/java
55f204f80000-55f204f81000 rw-p 00002000 08:07 660828                     /usr/lib/jvm/java-11-openjdk-amd64/bin/java
55f206711000-55f206732000 rw-p 00000000 00:00 0                          [heap]
7faba8000000-7faba8021000 rw-p 00000000 00:00 0 
7faba8021000-7fabac000000 ---p 00000000 00:00 0 
7fabb0000000-7fabb0021000 rw-p 00000000 00:00 0 
7fabb0021000-7fabb4000000 ---p 00000000 00:00 0 
7fabb4000000-7fabb4021000 rw-p 00000000 00:00 0 
7fabb4021000-7fabb8000000 ---p 00000000 00:00 0 
7fabbb7e6000-7fabbb8e6000 rw-p 00000000 00:00 0 
7fabbb8e6000-7fabbb9e6000 ---p 00000000 00:00 0 
7fabbb9e6000-7fabbbbe6000 rw-p 00000000 00:00 0 
7fabbbbe6000-7fabbbbea000 ---p 00000000 00:00 0 
7fabbbbea000-7fabbbce7000 rw-p 00000000 00:00 0 
7fabbbce7000-7fabbbceb000 ---p 00000000 00:00 0 
7fabbbceb000-7fabbbde8000 rw-p 00000000 00:00 0 
7fabbbde8000-7fabbbdff000 r-xp 00000000 08:07 660915                     /usr/lib/jvm/java-11-openjdk-amd64/lib/libnet.so
7fabbbdff000-7fabbbffe000 ---p 00017000 08:07 660915                     /usr/lib/jvm/java-11-openjdk-amd64/lib/libnet.so
7fabbbffe000-7fabbbfff000 r--p 00016000 08:07 660915                     /usr/lib/jvm/java-11-openjdk-amd64/lib/libnet.so
7fabbbfff000-7fabbc000000 rw-p 00017000 08:07 660915                     /usr/lib/jvm/java-11-openjdk-amd64/lib/libnet.so
7fabbc000000-7fabbc021000 rw-p 00000000 00:00 0 
7fabbc021000-7fabc0000000 ---p 00000000 00:00 0 
7fabc0000000-7fabc0021000 rw-p 00000000 00:00 0 
7fabc0021000-7fabc4000000 ---p 00000000 00:00 0 
7fabc4000000-7fabc447c000 rw-p 00000000 00:00 0 
7fabc447c000-7fabc8000000 ---p 00000000 00:00 0 
7fabc8000000-7fabc8021000 rw-p 00000000 00:00 0 
7fabc8021000-7fabcc000000 ---p 00000000 00:00 0 
7fabcc000000-7fabccc4b000 rw-p 00000000 00:00 0 
7fabccc4b000-7fabd0000000 ---p 00000000 00:00 0 
7fabd0000000-7fabd0662000 rw-p 00000000 00:00 0 
7fabd0662000-7fabd4000000 ---p 00000000 00:00 0 
7fabd4000000-7fabd4021000 rw-p 00000000 00:00 0 
7fabd4021000-7fabd8000000 ---p 00000000 00:00 0 
7fabd8000000-7fabd8021000 rw-p 00000000 00:00 0 
7fabd8021000-7fabdc000000 ---p 00000000 00:00 0 
7fabdc000000-7fabdc073000 rw-p 00000000 00:00 0 
7fabdc073000-7fabe0000000 ---p 00000000 00:00 0 
7fabe0000000-7fabe0021000 rw-p 00000000 00:00 0 
7fabe0021000-7fabe4000000 ---p 00000000 00:00 0 
7fabe4000000-7fabe4021000 rw-p 00000000 00:00 0 
7fabe4021000-7fabe8000000 ---p 00000000 00:00 0 
7fabe8000000-7fabe8021000 rw-p 00000000 00:00 0 
7fabe8021000-7fabec000000 ---p 00000000 00:00 0 
7fabec000000-7fabec021000 rw-p 00000000 00:00 0 
7fabec021000-7fabf0000000 ---p 00000000 00:00 0 
7fabf0000000-7fabf0021000 rw-p 00000000 00:00 0 
7fabf0021000-7fabf4000000 ---p 00000000 00:00 0 
7fabf4000000-7fabf4021000 rw-p 00000000 00:00 0 
7fabf4021000-7fabf8000000 ---p 00000000 00:00 0 
7fabf8000000-7fabf8021000 rw-p 00000000 00:00 0 
7fabf8021000-7fabfc000000 ---p 00000000 00:00 0 
7fabfc0e3000-7fabfc0f4000 r-xp 00000000 08:07 660916                     /usr/lib/jvm/java-11-openjdk-amd64/lib/libnio.so
7fabfc0f4000-7fabfc2f3000 ---p 00011000 08:07 660916                     /usr/lib/jvm/java-11-openjdk-amd64/lib/libnio.so
7fabfc2f3000-7fabfc2f4000 r--p 00010000 08:07 660916                     /usr/lib/jvm/java-11-openjdk-amd64/lib/libnio.so
7fabfc2f4000-7fabfc2f5000 rw-p 00011000 08:07 660916                     /usr/lib/jvm/java-11-openjdk-amd64/lib/libnio.so
7fabfc2f5000-7fabfc2f9000 ---p 00000000 00:00 0 
7fabfc2f9000-7fabfc3f6000 rw-p 00000000 00:00 0 
7fabfc3f6000-7fabfc3f7000 ---p 00000000 00:00 0 
7fabfc3f7000-7fabfc4f8000 rw-p 00000000 00:00 0 
7fabfc4f8000-7fabfc4fc000 ---p 00000000 00:00 0 
7fabfc4fc000-7fabfc5f9000 rw-p 00000000 00:00 0 
7fabfc5f9000-7fabfc5fd000 ---p 00000000 00:00 0 
7fabfc5fd000-7fabfc6fa000 rw-p 00000000 00:00 0 
7fabfc6fa000-7fabfc6fe000 ---p 00000000 00:00 0 
7fabfc6fe000-7fabfc7fb000 rw-p 00000000 00:00 0 
7fabfc7fb000-7fabfc7ff000 ---p 00000000 00:00 0 
7fabfc7ff000-7fabfc8fc000 rw-p 00000000 00:00 0 
7fabfc8fc000-7fabfc900000 ---p 00000000 00:00 0 
7fabfc900000-7fabfc9fd000 rw-p 00000000 00:00 0 
7fabfc9fd000-7fabfca01000 ---p 00000000 00:00 0 
7fabfca01000-7fabfcafe000 rw-p 00000000 00:00 0 
7fabfcafe000-7fabfd5fe000 r--p 00000000 08:07 663689                     /usr/lib/locale/locale-archive
7fabfd5fe000-7fabfd602000 ---p 00000000 00:00 0 
7fabfd602000-7fabfd6ff000 rw-p 00000000 00:00 0 
7fabfd6ff000-7fabfd703000 ---p 00000000 00:00 0 
7fabfd703000-7fac00000000 rw-p 00000000 00:00 0 
7fac00000000-7fac00021000 rw-p 00000000 00:00 0 
7fac00021000-7fac04000000 ---p 00000000 00:00 0 
7fac04000000-7fac04021000 rw-p 00000000 00:00 0 
7fac04021000-7fac08000000 ---p 00000000 00:00 0 
7fac08000000-7fac08021000 rw-p 00000000 00:00 0 
7fac08021000-7fac0c000000 ---p 00000000 00:00 0 
7fac0c000000-7fac0c021000 rw-p 00000000 00:00 0 
7fac0c021000-7fac10000000 ---p 00000000 00:00 0 
7fac10000000-7fac10021000 rw-p 00000000 00:00 0 
7fac10021000-7fac14000000 ---p 00000000 00:00 0 
7fac14068000-7fac14069000 ---p 00000000 00:00 0 
7fac14069000-7fac1423b000 rw-p 00000000 00:00 0 
7fac1423b000-7fac1423c000 ---p 00000000 00:00 0 
7fac1423c000-7fac1433d000 rw-p 00000000 00:00 0 
7fac1433d000-7fac1433e000 ---p 00000000 00:00 0 
7fac1433e000-7fac1443f000 rw-p 00000000 00:00 0 
7fac1443f000-7fac14440000 ---p 00000000 00:00 0 
7fac14440000-7fac14541000 rw-p 00000000 00:00 0 
7fac14541000-7fac14542000 ---p 00000000 00:00 0 
7fac14542000-7fac14643000 rw-p 00000000 00:00 0 
7fac14643000-7fac14644000 ---p 00000000 00:00 0 
7fac14644000-7fac14b49000 rw-p 00000000 00:00 0 
7fac14b49000-7fac14b4a000 ---p 00000000 00:00 0 
7fac14b4a000-7fac14c4b000 rw-p 00000000 00:00 0 
7fac14c4b000-7fac14c4c000 ---p 00000000 00:00 0 
7fac14c4c000-7fac15049000 rw-p 00000000 00:00 0 
7fac15049000-7fac15c5d000 ---p 00000000 00:00 0 
7fac15c5d000-7fac15f59000 rw-p 00000000 00:00 0 
7fac15f59000-7fac16b6d000 ---p 00000000 00:00 0 
7fac16b6d000-7fac16bcd000 rw-p 00000000 00:00 0 
7fac16bcd000-7fac16d4f000 ---p 00000000 00:00 0 
7fac16d4f000-7fac16daf000 rw-p 00000000 00:00 0 
7fac16daf000-7fac16f31000 ---p 00000000 00:00 0 
7fac16f31000-7fac16f91000 rw-p 00000000 00:00 0 
7fac16f91000-7fac17113000 ---p 00000000 00:00 0 
7fac17113000-7fac17517000 rw-p 00000000 00:00 0 
7fac17517000-7fac17518000 ---p 00000000 00:00 0 
7fac17518000-7fac17619000 rw-p 00000000 00:00 0 
7fac17619000-7fac1761a000 ---p 00000000 00:00 0 
7fac1761a000-7fac1771b000 rw-p 00000000 00:00 0 
7fac1771b000-7fac1771c000 ---p 00000000 00:00 0 
7fac1771c000-7fac1781d000 rw-p 00000000 00:00 0 
7fac1781d000-7fac1781e000 ---p 00000000 00:00 0 
7fac1781e000-7fac1791f000 rw-p 00000000 00:00 0 
7fac1791f000-7fac17b8f000 rwxp 00000000 00:00 0 
7fac17b8f000-7fac17eaf000 ---p 00000000 00:00 0 
7fac17eaf000-7fac1811f000 rwxp 00000000 00:00 0 
7fac1811f000-7fac1f3e7000 ---p 00000000 00:00 0 
7fac1f3e7000-7fac1f657000 rwxp 00000000 00:00 0 
7fac1f657000-7fac2691f000 ---p 00000000 00:00 0 
7fac2691f000-7fac2fdfa000 r--s 00000000 08:07 660925                     /usr/lib/jvm/java-11-openjdk-amd64/lib/modules
7fac2fdfa000-7fac2fdff000 r-xp 00000000 08:07 660906                     /usr/lib/jvm/java-11-openjdk-amd64/lib/libjimage.so
7fac2fdff000-7fac2fffe000 ---p 00005000 08:07 660906                     /usr/lib/jvm/java-11-openjdk-amd64/lib/libjimage.so
7fac2fffe000-7fac2ffff000 r--p 00004000 08:07 660906                     /usr/lib/jvm/java-11-openjdk-amd64/lib/libjimage.so
7fac2ffff000-7fac30000000 rw-p 00005000 08:07 660906                     /usr/lib/jvm/java-11-openjdk-amd64/lib/libjimage.so
7fac30000000-7fac3035c000 rw-p 00000000 00:00 0 
7fac3035c000-7fac34000000 ---p 00000000 00:00 0 
7fac3400a000-7fac3400f000 rw-p 00000000 00:00 0 
7fac3400f000-7fac340f5000 ---p 00000000 00:00 0 
7fac340f5000-7fac340fa000 rw-p 00000000 00:00 0 
7fac340fa000-7fac341e0000 ---p 00000000 00:00 0 
7fac341e0000-7fac341e7000 r-xp 00000000 08:07 660924                     /usr/lib/jvm/java-11-openjdk-amd64/lib/libzip.so
7fac341e7000-7fac343e6000 ---p 00007000 08:07 660924                     /usr/lib/jvm/java-11-openjdk-amd64/lib/libzip.so
7fac343e6000-7fac343e7000 r--p 00006000 08:07 660924                     /usr/lib/jvm/java-11-openjdk-amd64/lib/libzip.so
7fac343e7000-7fac343e8000 rw-p 00007000 08:07 660924                     /usr/lib/jvm/java-11-openjdk-amd64/lib/libzip.so
7fac343e8000-7fac343f3000 r-xp 00000000 08:07 1450471                    /lib/x86_64-linux-gnu/libnss_files-2.27.so
7fac343f3000-7fac345f2000 ---p 0000b000 08:07 1450471                    /lib/x86_64-linux-gnu/libnss_files-2.27.so
7fac345f2000-7fac345f3000 r--p 0000a000 08:07 1450471                    /lib/x86_64-linux-gnu/libnss_files-2.27.so
7fac345f3000-7fac345f4000 rw-p 0000b000 08:07 1450471                    /lib/x86_64-linux-gnu/libnss_files-2.27.so
7fac345f4000-7fac345fa000 rw-p 00000000 00:00 0 
7fac345fa000-7fac34611000 r-xp 00000000 08:07 1450465                    /lib/x86_64-linux-gnu/libnsl-2.27.so
7fac34611000-7fac34810000 ---p 00017000 08:07 1450465                    /lib/x86_64-linux-gnu/libnsl-2.27.so
7fac34810000-7fac34811000 r--p 00016000 08:07 1450465                    /lib/x86_64-linux-gnu/libnsl-2.27.so
7fac34811000-7fac34812000 rw-p 00017000 08:07 1450465                    /lib/x86_64-linux-gnu/libnsl-2.27.so
7fac34812000-7fac34814000 rw-p 00000000 00:00 0 
7fac34814000-7fac3481f000 r-xp 00000000 08:07 1450482                    /lib/x86_64-linux-gnu/libnss_nis-2.27.so
7fac3481f000-7fac34a1e000 ---p 0000b000 08:07 1450482                    /lib/x86_64-linux-gnu/libnss_nis-2.27.so
7fac34a1e000-7fac34a1f000 r--p 0000a000 08:07 1450482                    /lib/x86_64-linux-gnu/libnss_nis-2.27.so
7fac34a1f000-7fac34a20000 rw-p 0000b000 08:07 1450482                    /lib/x86_64-linux-gnu/libnss_nis-2.27.so
7fac34a20000-7fac34a28000 r-xp 00000000 08:07 1450467                    /lib/x86_64-linux-gnu/libnss_compat-2.27.so
7fac34a28000-7fac34c28000 ---p 00008000 08:07 1450467                    /lib/x86_64-linux-gnu/libnss_compat-2.27.so
7fac34c28000-7fac34c29000 r--p 00008000 08:07 1450467                    /lib/x86_64-linux-gnu/libnss_compat-2.27.so
7fac34c29000-7fac34c2a000 rw-p 00009000 08:07 1450467                    /lib/x86_64-linux-gnu/libnss_compat-2.27.so
7fac34c2a000-7fac34c56000 r-xp 00000000 08:07 660902                     /usr/lib/jvm/java-11-openjdk-amd64/lib/libjava.so
7fac34c56000-7fac34e55000 ---p 0002c000 08:07 660902                     /usr/lib/jvm/java-11-openjdk-amd64/lib/libjava.so
7fac34e55000-7fac34e56000 r--p 0002b000 08:07 660902                     /usr/lib/jvm/java-11-openjdk-amd64/lib/libjava.so
7fac34e56000-7fac34e58000 rw-p 0002c000 08:07 660902                     /usr/lib/jvm/java-11-openjdk-amd64/lib/libjava.so
7fac34e58000-7fac34e65000 r-xp 00000000 08:07 660923                     /usr/lib/jvm/java-11-openjdk-amd64/lib/libverify.so
7fac34e65000-7fac35064000 ---p 0000d000 08:07 660923                     /usr/lib/jvm/java-11-openjdk-amd64/lib/libverify.so
7fac35064000-7fac35066000 r--p 0000c000 08:07 660923                     /usr/lib/jvm/java-11-openjdk-amd64/lib/libverify.so
7fac35066000-7fac35067000 rw-p 0000e000 08:07 660923                     /usr/lib/jvm/java-11-openjdk-amd64/lib/libverify.so
7fac35067000-7fac3506e000 r-xp 00000000 08:07 1450522                    /lib/x86_64-linux-gnu/librt-2.27.so
7fac3506e000-7fac3526d000 ---p 00007000 08:07 1450522                    /lib/x86_64-linux-gnu/librt-2.27.so
7fac3526d000-7fac3526e000 r--p 00006000 08:07 1450522                    /lib/x86_64-linux-gnu/librt-2.27.so
7fac3526e000-7fac3526f000 rw-p 00007000 08:07 1450522                    /lib/x86_64-linux-gnu/librt-2.27.so
7fac3526f000-7fac35286000 r-xp 00000000 08:07 1450206                    /lib/x86_64-linux-gnu/libgcc_s.so.1
7fac35286000-7fac35485000 ---p 00017000 08:07 1450206                    /lib/x86_64-linux-gnu/libgcc_s.so.1
7fac35485000-7fac35486000 r--p 00016000 08:07 1450206                    /lib/x86_64-linux-gnu/libgcc_s.so.1
7fac35486000-7fac35487000 rw-p 00017000 08:07 1450206                    /lib/x86_64-linux-gnu/libgcc_s.so.1
7fac35487000-7fac35624000 r-xp 00000000 08:07 1450444                    /lib/x86_64-linux-gnu/libm-2.27.so
7fac35624000-7fac35823000 ---p 0019d000 08:07 1450444                    /lib/x86_64-linux-gnu/libm-2.27.so
7fac35823000-7fac35824000 r--p 0019c000 08:07 1450444                    /lib/x86_64-linux-gnu/libm-2.27.so
7fac35824000-7fac35825000 rw-p 0019d000 08:07 1450444                    /lib/x86_64-linux-gnu/libm-2.27.so
7fac35825000-7fac3599e000 r-xp 00000000 08:07 656734                     /usr/lib/x86_64-linux-gnu/libstdc++.so.6.0.25
7fac3599e000-7fac35b9e000 ---p 00179000 08:07 656734                     /usr/lib/x86_64-linux-gnu/libstdc++.so.6.0.25
7fac35b9e000-7fac35ba8000 r--p 00179000 08:07 656734                     /usr/lib/x86_64-linux-gnu/libstdc++.so.6.0.25
7fac35ba8000-7fac35baa000 rw-p 00183000 08:07 656734                     /usr/lib/x86_64-linux-gnu/libstdc++.so.6.0.25
7fac35baa000-7fac35bae000 rw-p 00000000 00:00 0 
7fac35bae000-7fac36b4b000 r-xp 00000000 08:07 660928                     /usr/lib/jvm/java-11-openjdk-amd64/lib/server/libjvm.so
7fac36b4b000-7fac36d4b000 ---p 00f9d000 08:07 660928                     /usr/lib/jvm/java-11-openjdk-amd64/lib/server/libjvm.so
7fac36d4b000-7fac36e0f000 r--p 00f9d000 08:07 660928                     /usr/lib/jvm/java-11-openjdk-amd64/lib/server/libjvm.so
7fac36e0f000-7fac36e47000 rw-p 01061000 08:07 660928                     /usr/lib/jvm/java-11-openjdk-amd64/lib/server/libjvm.so
7fac36e47000-7fac36e90000 rw-p 00000000 00:00 0 
7fac36e90000-7fac36eaa000 r-xp 00000000 08:07 1450514                    /lib/x86_64-linux-gnu/libpthread-2.27.so
7fac36eaa000-7fac370a9000 ---p 0001a000 08:07 1450514                    /lib/x86_64-linux-gnu/libpthread-2.27.so
7fac370a9000-7fac370aa000 r--p 00019000 08:07 1450514                    /lib/x86_64-linux-gnu/libpthread-2.27.so
7fac370aa000-7fac370ab000 rw-p 0001a000 08:07 1450514                    /lib/x86_64-linux-gnu/libpthread-2.27.so
7fac370ab000-7fac370af000 rw-p 00000000 00:00 0 
7fac370af000-7fac370b2000 r-xp 00000000 08:07 1450404                    /lib/x86_64-linux-gnu/libdl-2.27.so
7fac370b2000-7fac372b1000 ---p 00003000 08:07 1450404                    /lib/x86_64-linux-gnu/libdl-2.27.so
7fac372b1000-7fac372b2000 r--p 00002000 08:07 1450404                    /lib/x86_64-linux-gnu/libdl-2.27.so
7fac372b2000-7fac372b3000 rw-p 00003000 08:07 1450404                    /lib/x86_64-linux-gnu/libdl-2.27.so
7fac372b3000-7fac372cf000 r-xp 00000000 08:07 1450553                    /lib/x86_64-linux-gnu/libz.so.1.2.11
7fac372cf000-7fac374ce000 ---p 0001c000 08:07 1450553                    /lib/x86_64-linux-gnu/libz.so.1.2.11
7fac374ce000-7fac374cf000 r--p 0001b000 08:07 1450553                    /lib/x86_64-linux-gnu/libz.so.1.2.11
7fac374cf000-7fac374d0000 rw-p 0001c000 08:07 1450553                    /lib/x86_64-linux-gnu/libz.so.1.2.11
7fac374d0000-7fac376b7000 r-xp 00000000 08:07 1450381                    /lib/x86_64-linux-gnu/libc-2.27.so
7fac376b7000-7fac378b7000 ---p 001e7000 08:07 1450381                    /lib/x86_64-linux-gnu/libc-2.27.so
7fac378b7000-7fac378bb000 r--p 001e7000 08:07 1450381                    /lib/x86_64-linux-gnu/libc-2.27.so
7fac378bb000-7fac378bd000 rw-p 001eb000 08:07 1450381                    /lib/x86_64-linux-gnu/libc-2.27.so
7fac378bd000-7fac378c1000 rw-p 00000000 00:00 0 
7fac378c1000-7fac378d0000 r-xp 00000000 08:07 660887                     /usr/lib/jvm/java-11-openjdk-amd64/lib/jli/libjli.so
7fac378d0000-7fac37acf000 ---p 0000f000 08:07 660887                     /usr/lib/jvm/java-11-openjdk-amd64/lib/jli/libjli.so
7fac37acf000-7fac37ad0000 r--p 0000e000 08:07 660887                     /usr/lib/jvm/java-11-openjdk-amd64/lib/jli/libjli.so
7fac37ad0000-7fac37ad1000 rw-p 0000f000 08:07 660887                     /usr/lib/jvm/java-11-openjdk-amd64/lib/jli/libjli.so
7fac37ad1000-7fac37af8000 r-xp 00000000 08:07 1450353                    /lib/x86_64-linux-gnu/ld-2.27.so
7fac37af8000-7fac37b1d000 r--p 00000000 08:07 930658                     /usr/share/locale-langpack/pl/LC_MESSAGES/libc.mo
7fac37b1d000-7fac37bd9000 rw-p 00000000 00:00 0 
7fac37bd9000-7fac37be0000 ---p 00000000 00:00 0 
7fac37be0000-7fac37be4000 ---p 00000000 00:00 0 
7fac37be4000-7fac37ce3000 rw-p 00000000 00:00 0 
7fac37ce4000-7fac37ceb000 r--s 00000000 08:07 793356                     /usr/lib/x86_64-linux-gnu/gconv/gconv-modules.cache
7fac37ceb000-7fac37cec000 rw-p 00000000 00:00 0 
7fac37cec000-7fac37cf4000 rw-s 00000000 08:07 1708782                    /tmp/hsperfdata_lukasz/13070
7fac37cf4000-7fac37cf5000 ---p 00000000 00:00 0 
7fac37cf5000-7fac37cf6000 r--p 00000000 00:00 0 
7fac37cf6000-7fac37cf8000 rw-p 00000000 00:00 0 
7fac37cf8000-7fac37cf9000 r--p 00027000 08:07 1450353                    /lib/x86_64-linux-gnu/ld-2.27.so
7fac37cf9000-7fac37cfa000 rw-p 00028000 08:07 1450353                    /lib/x86_64-linux-gnu/ld-2.27.so
7fac37cfa000-7fac37cfb000 rw-p 00000000 00:00 0 
7ffff5d87000-7ffff5da8000 rw-p 00000000 00:00 0                          [stack]
7ffff5dd3000-7ffff5dd6000 r--p 00000000 00:00 0                          [vvar]
7ffff5dd6000-7ffff5dd8000 r-xp 00000000 00:00 0                          [vdso]
ffffffffff600000-ffffffffff601000 r-xp 00000000 00:00 0                  [vsyscall]


VM Arguments:
jvm_args: -Dapplication.basedir=/home/lukasz/Pulpit/Projekty/java-koans/koans 
java_command: com.sandwich.koan.runner.AppLauncher
java_class_path (initial): /home/lukasz/Pulpit/Projekty/java-koans/koans/app/bin:/home/lukasz/Pulpit/Projekty/java-koans/koans/app/config/:/home/lukasz/Pulpit/Projekty/java-koans/koans/app/lib/koans.jar
Launcher Type: SUN_STANDARD

Logging:
Log output configuration:
#0: stdout all=warning uptime,level,tags
#1: stderr all=off uptime,level,tags

Environment Variables:
PATH=/usr/local/sbin:/usr/local/bin:/usr/sbin:/usr/bin:/sbin:/bin:/usr/games:/usr/local/games:/snap/bin
USERNAME=lukasz
SHELL=/bin/bash
DISPLAY=:0

Signal Handlers:
SIGSEGV: [libjvm.so+0xd28b70], sa_mask[0]=11111111011111111101111111111110, sa_flags=SA_RESTART|SA_SIGINFO
SIGBUS: [libjvm.so+0xd28b70], sa_mask[0]=11111111011111111101111111111110, sa_flags=SA_RESTART|SA_SIGINFO
SIGFPE: [libjvm.so+0xd28b70], sa_mask[0]=11111111011111111101111111111110, sa_flags=SA_RESTART|SA_SIGINFO
SIGPIPE: [libjvm.so+0xb2a1f0], sa_mask[0]=11111111011111111101111111111110, sa_flags=SA_RESTART|SA_SIGINFO
SIGXFSZ: [libjvm.so+0xb2a1f0], sa_mask[0]=11111111011111111101111111111110, sa_flags=SA_RESTART|SA_SIGINFO
SIGILL: [libjvm.so+0xd28b70], sa_mask[0]=11111111011111111101111111111110, sa_flags=SA_RESTART|SA_SIGINFO
SIGUSR2: [libjvm.so+0xb2a030], sa_mask[0]=00000000000000000000000000000000, sa_flags=SA_RESTART|SA_SIGINFO
SIGHUP: [libjvm.so+0xb2a180], sa_mask[0]=11111111011111111101111111111110, sa_flags=SA_RESTART|SA_SIGINFO
SIGINT: [libjvm.so+0xb2a180], sa_mask[0]=11111111011111111101111111111110, sa_flags=SA_RESTART|SA_SIGINFO
SIGTERM: [libjvm.so+0xb2a180], sa_mask[0]=11111111011111111101111111111110, sa_flags=SA_RESTART|SA_SIGINFO
SIGQUIT: [libjvm.so+0xb2a180], sa_mask[0]=11111111011111111101111111111110, sa_flags=SA_RESTART|SA_SIGINFO


---------------  S Y S T E M  ---------------

OS:DISTRIB_ID=Ubuntu
DISTRIB_RELEASE=18.04
DISTRIB_CODENAME=bionic
DISTRIB_DESCRIPTION="Ubuntu 18.04.1 LTS"
uname:Linux 4.15.0-39-generic #42-Ubuntu SMP Tue Oct 23 15:48:01 UTC 2018 x86_64
libc:glibc 2.27 NPTL 2.27 
rlimit: STACK 8192k, CORE 0k, NPROC 15163, NOFILE 4096, AS infinity, DATA infinity, FSIZE infinity
load average:13,05 8,42 4,68

/proc/meminfo:
MemTotal:        3942324 kB
MemFree:          108172 kB
MemAvailable:      49400 kB
Buffers:            6308 kB
Cached:           441992 kB
SwapCached:         5236 kB
Active:          2900512 kB
Inactive:         620708 kB
Active(anon):    2872336 kB
Inactive(anon):   575296 kB
Active(file):      28176 kB
Inactive(file):    45412 kB
Unevictable:          92 kB
Mlocked:              92 kB
SwapTotal:       1808224 kB
SwapFree:           2532 kB
Dirty:               616 kB
Writeback:             0 kB
AnonPages:       3068988 kB
Mapped:           244064 kB
Shmem:            374360 kB
Slab:             115460 kB
SReclaimable:      45272 kB
SUnreclaim:        70188 kB
KernelStack:       16688 kB
PageTables:        87744 kB
NFS_Unstable:          0 kB
Bounce:                0 kB
WritebackTmp:          0 kB
CommitLimit:     3779384 kB
Committed_AS:   15553712 kB
VmallocTotal:   34359738367 kB
VmallocUsed:           0 kB
VmallocChunk:          0 kB
HardwareCorrupted:     0 kB
AnonHugePages:         0 kB
ShmemHugePages:        0 kB
ShmemPmdMapped:        0 kB
CmaTotal:              0 kB
CmaFree:               0 kB
HugePages_Total:       0
HugePages_Free:        0
HugePages_Rsvd:        0
HugePages_Surp:        0
Hugepagesize:       2048 kB
DirectMap4k:      338840 kB
DirectMap2M:     3758080 kB
DirectMap1G:           0 kB

container (cgroup) information:
container_type: cgroupv1
cpu_cpuset_cpus: 0-3
cpu_memory_nodes: 0
active_processor_count: 4
cpu_quota: -1
cpu_period: 100000
cpu_shares: -1
memory_limit_in_bytes: -1
memory_and_swap_limit_in_bytes: -2
memory_soft_limit_in_bytes: -1
memory_usage_in_bytes: 3588907008
memory_max_usage_in_bytes: 0


CPU:total 4 (initial active 4) (2 cores per cpu, 2 threads per core) family 6 model 61 stepping 4, cmov, cx8, fxsr, mmx, sse, sse2, sse3, ssse3, sse4.1, sse4.2, popcnt, avx, avx2, aes, clmul, erms, 3dnowpref, lzcnt, ht, tsc, tscinvbit, bmi1, bmi2, adx, fma
CPU Model and flags from /proc/cpuinfo:
model name	: Intel(R) Core(TM) i3-5010U CPU @ 2.10GHz
flags		: fpu vme de pse tsc msr pae mce cx8 apic sep mtrr pge mca cmov pat pse36 clflush dts acpi mmx fxsr sse sse2 ss ht tm pbe syscall nx pdpe1gb rdtscp lm constant_tsc arch_perfmon pebs bts rep_good nopl xtopology nonstop_tsc cpuid aperfmperf pni pclmulqdq dtes64 monitor ds_cpl vmx est tm2 ssse3 sdbg fma cx16 xtpr pdcm pcid sse4_1 sse4_2 x2apic movbe popcnt tsc_deadline_timer aes xsave avx f16c rdrand lahf_lm abm 3dnowprefetch cpuid_fault epb invpcid_single pti ssbd ibrs ibpb stibp tpr_shadow vnmi flexpriority ept vpid fsgsbase tsc_adjust bmi1 avx2 smep bmi2 erms invpcid rdseed adx smap intel_pt xsaveopt dtherm arat pln pts flush_l1d

Memory: 4k page, physical 3942324k(121316k free), swap 1808224k(2552k free)

vm_info: OpenJDK 64-Bit Server VM (10.0.2+13-Ubuntu-1ubuntu0.18.04.4) for linux-amd64 JRE (10.0.2+13-Ubuntu-1ubuntu0.18.04.4), built on Nov 13 2018 12:53:39 by "buildd" with gcc 7.3.0

END.
